[20:14:31.460][info] [#0:/home/mamad/.config/emacs/.cache/lsp/lua-language-server/main.lua:66]: Lua Lsp startup, root: 	/home/mamad/.config/emacs/.cache/lsp/lua-language-server
[20:14:31.460][info] [#0:/home/mamad/.config/emacs/.cache/lsp/lua-language-server/main.lua:67]: ROOT:	/home/mamad/.config/emacs/.cache/lsp/lua-language-server
[20:14:31.460][info] [#0:/home/mamad/.config/emacs/.cache/lsp/lua-language-server/main.lua:68]: LOGPATH:	/home/mamad/.config/emacs/.cache/lsp/lua-language-server/log
[20:14:31.460][info] [#0:/home/mamad/.config/emacs/.cache/lsp/lua-language-server/main.lua:69]: METAPATH:	/home/mamad/.config/emacs/.cache/lsp/lua-language-server/meta
[20:14:31.460][info] [#0:/home/mamad/.config/emacs/.cache/lsp/lua-language-server/main.lua:70]: VERSION:	3.6.18
[20:14:31.484][info] [#0:script/service/service.lua:144]: 
========= Medical Examination Report =========
    --------------- Memory ---------------
        Total: 2.111 MB
        # 00 : 2.111 MB
        # 01 : 0.000 MB
        # 02 : 0.000 MB
        # 03 : 0.000 MB
        # 04 : 0.000 MB
    --------------- Coroutine ---------------
        Total:     0
        Running:   0
        Suspended: 0
        Normal:    0
        Dead:      0
    --------------- Cache ---------------
        Total: 1
        Dead:  0
    ---------------  RPC  ---------------
        Holdon:   0
        Waiting:  0
==============================================
[20:14:31.489][info] [#0:script/client.lua:657]: Client init	{
  capabilities = {
    general = {
      positionEncodings = { "utf-32", "utf-16" }
    },
    textDocument = {
      callHierarchy = {
        dynamicRegistration = false
      },
      codeAction = {
        codeActionLiteralSupport = {
          codeActionKind = {
            valueSet = { "", "quickfix", "refactor", "refactor.extract", "refactor.inline", "refactor.rewrite", "source", "source.organizeImports" }
          }
        },
        dataSupport = true,
        dynamicRegistration = true,
        isPreferredSupport = true,
        resolveSupport = {
          properties = { "edit", "command" }
        }
      },
      completion = {
        completionItem = {
          deprecatedSupport = true,
          documentationFormat = { "markdown", "plaintext" },
          insertReplaceSupport = true,
          insertTextModeSupport = {
            valueSet = { 1, 2 }
          },
          resolveAdditionalTextEditsSupport = true,
          resolveSupport = {
            properties = { "documentation", "detail", "additionalTextEdits", "command" }
          },
          snippetSupport = true
        },
        contextSupport = true,
        dynamicRegistration = true
      },
      declaration = {
        dynamicRegistration = true,
        linkSupport = true
      },
      definition = {
        dynamicRegistration = true,
        linkSupport = true
      },
      documentLink = {
        dynamicRegistration = true,
        tooltipSupport = true
      },
      documentSymbol = {
        hierarchicalDocumentSymbolSupport = true,
        symbolKind = {
          valueSet = { 1, 2, 3, 4, 5, 6, 7, 8, 9, 10, 11, 12, 13, 14, 15, 16, 17, 18, 19, 20, 21, 22, 23, 24, 25, 26 }
        }
      },
      foldingRange = {
        dynamicRegistration = true
      },
      formatting = {
        dynamicRegistration = true
      },
      hover = {
        contentFormat = { "markdown", "plaintext" },
        dynamicRegistration = true
      },
      implementation = {
        dynamicRegistration = true,
        linkSupport = true
      },
      linkedEditingRange = {
        dynamicRegistration = true
      },
      onTypeFormatting = {
        dynamicRegistration = true
      },
      publishDiagnostics = {
        relatedInformation = true,
        tagSupport = {
          valueSet = { 1, 2 }
        },
        versionSupport = true
      },
      rangeFormatting = {
        dynamicRegistration = true
      },
      references = {
        dynamicRegistration = true
      },
      rename = {
        dynamicRegistration = true,
        prepareSupport = true
      },
      selectionRange = {
        dynamicRegistration = true
      },
      signatureHelp = {
        dynamicRegistration = true,
        signatureInformation = {
          parameterInformation = {
            labelOffsetSupport = true
          }
        }
      },
      synchronization = {
        didSave = true,
        willSave = true,
        willSaveWaitUntil = true
      },
      typeDefinition = {
        dynamicRegistration = true,
        linkSupport = true
      },
      typeHierarchy = {
        dynamicRegistration = true
      }
    },
    window = {
      showDocument = {
        support = true
      },
      workDoneProgress = true
    },
    workspace = {
      applyEdit = true,
      codeLens = {
        refreshSupport = true
      },
      configuration = true,
      didChangeWatchedFiles = {
        dynamicRegistration = true
      },
      executeCommand = {
        dynamicRegistration = false
      },
      fileOperations = {
        didCreate = false,
        didDelete = false,
        didRename = true,
        willCreate = false,
        willDelete = false,
        willRename = true
      },
      symbol = {
        symbolKind = {
          valueSet = { 1, 2, 3, 4, 5, 6, 7, 8, 9, 10, 11, 12, 13, 14, 15, 16, 17, 18, 19, 20, 21, 22, 23, 24, 25, 26 }
        }
      },
      workspaceEdit = {
        documentChanges = true,
        resourceOperations = { "create", "rename", "delete" }
      },
      workspaceFolders = true
    }
  },
  clientInfo = {
    name = "emacs",
    version = "GNU Emacs 28.2 (build 1, x86_64-pc-linux-gnu, GTK+ Version 3.24.36, cairo version 1.16.0)\n of 2023-03-02, modified by Debian"
  },
  processId = 2107,
  rootPath = "/home/mamad/.config/awesome",
  rootUri = "file:///home/mamad/.config/awesome",
  workDoneToken = "1"
}
[20:14:31.489][info] [#0:script/language.lua:137]: VSC language: nil
[20:14:31.489][info] [#0:script/language.lua:138]: LS  language: en-us
[20:14:31.489][info] [#0:script/workspace/workspace.lua:38]: Workspace init root: 	file:///home/mamad/.config/awesome
[20:14:31.489][info] [#0:script/workspace/workspace.lua:42]: Log path: 	/home/mamad/.config/emacs/.cache/lsp/lua-language-server/log/file_home_mamad_.config_awesome.log
[20:14:31.489][info] [#0:script/workspace/workspace.lua:48]: Workspace create: 	file:///home/mamad/.config/awesome
[20:14:31.794][info] [#0:script/provider/provider.lua:46]: Load config from client	file:///home/mamad/.config/awesome
[20:14:31.795][info] [#0:script/provider/provider.lua:47]: {
  Lua = {
    color = {
      mode = "Semantic"
    },
    completion = {
      callSnippet = "Disable",
      displayContext = 6,
      enable = true,
      keywordSnippet = "Replace",
      workspaceWord = true
    },
    develop = {
      debuggerPort = 11412,
      debuggerWait = false,
      enable = false
    },
    diagnostics = {
      enable = true,
      workspaceDelay = 0,
      workspaceRate = 100
    },
    hint = {
      enable = false,
      paramName = true,
      paramType = true
    },
    hover = {
      enable = true,
      fieldInfer = 3000,
      previewFields = 100,
      viewNumber = true,
      viewString = true,
      viewStringMax = 1000
    },
    intelliSense = {
      searchDepth = 0
    },
    runtime = {
      fileEncoding = "utf8",
      path = { "?.lua", "?/init.lua", "?/?.lua" },
      version = "Lua 5.4"
    },
    signatureHelp = {
      enable = true
    },
    telemetry = {
      enable = false
    },
    window = {
      progressBar = true,
      statusBar = true
    },
    workspace = {
      ignoreDir = { ".vscode" },
      ignoreSubmodules = true,
      maxPreload = 1000,
      preloadFileSize = 100,
      useGitIgnore = true
    }
  },
  ["files.associations"] = false,
  ["files.exclude"] = false
}
[20:14:31.896][info] [#0:script/provider/completion.lua:43]: Enable completion.
[20:14:31.896][info] [#0:script/provider/provider.lua:61]: Load config from client	fallback
[20:14:31.896][info] [#0:script/provider/provider.lua:62]: {
  Lua = {
    color = {
      mode = "Semantic"
    },
    completion = {
      callSnippet = "Disable",
      displayContext = 6,
      enable = true,
      keywordSnippet = "Replace",
      workspaceWord = true
    },
    develop = {
      debuggerPort = 11412,
      debuggerWait = false,
      enable = false
    },
    diagnostics = {
      enable = true,
      workspaceDelay = 0,
      workspaceRate = 100
    },
    hint = {
      enable = false,
      paramName = true,
      paramType = true
    },
    hover = {
      enable = true,
      fieldInfer = 3000,
      previewFields = 100,
      viewNumber = true,
      viewString = true,
      viewStringMax = 1000
    },
    intelliSense = {
      searchDepth = 0
    },
    runtime = {
      fileEncoding = "utf8",
      path = { "?.lua", "?/init.lua", "?/?.lua" },
      version = "Lua 5.4"
    },
    signatureHelp = {
      enable = true
    },
    telemetry = {
      enable = false
    },
    window = {
      progressBar = true,
      statusBar = true
    },
    workspace = {
      ignoreDir = { ".vscode" },
      ignoreSubmodules = true,
      maxPreload = 1000,
      preloadFileSize = 100,
      useGitIgnore = true
    }
  },
  ["files.associations"] = false,
  ["files.exclude"] = false
}
[20:14:31.896][info] [#0:script/library.lua:212]: Init builtin library at:	file:///home/mamad/.config/awesome
[20:14:31.911][info] [#0:script/plugin.lua:86]: plugin path:	/home/mamad/.config/awesome
[20:14:31.911][warn] [#0:script/plugin.lua:101]: plugin not found:	/home/mamad/.config/awesome
[20:14:31.911][info] [#0:script/library.lua:212]: Init builtin library at:	nil
[20:14:32.021][info] [#0:script/workspace/workspace.lua:322]: Preload start:	file:///home/mamad/.config/awesome
[20:14:32.029][info] [#0:script/workspace/workspace.lua:328]: Scan files at:	file:///home/mamad/.config/awesome
[20:14:32.030][info] [#0:script/workspace/workspace.lua:322]: Preload start:	<fallback>
[20:14:32.036][info] [#0:script/workspace/workspace.lua:351]: Scan library at:	file:///home/mamad/.config/emacs/.cache/lsp/lua-language-server/meta/Lua%205.4%20en-us%20utf8/basic.lua
[20:14:32.037][info] [#0:script/workspace/workspace.lua:351]: Scan library at:	file:///home/mamad/.config/emacs/.cache/lsp/lua-language-server/meta/Lua%205.4%20en-us%20utf8/math.lua
[20:14:32.038][info] [#0:script/workspace/workspace.lua:351]: Scan library at:	file:///home/mamad/.config/emacs/.cache/lsp/lua-language-server/meta/Lua%205.4%20en-us%20utf8/io.lua
[20:14:32.038][info] [#0:script/workspace/workspace.lua:351]: Scan library at:	file:///home/mamad/.config/emacs/.cache/lsp/lua-language-server/meta/Lua%205.4%20en-us%20utf8/basic.lua
[20:14:32.039][info] [#0:script/workspace/workspace.lua:351]: Scan library at:	file:///home/mamad/.config/emacs/.cache/lsp/lua-language-server/meta/Lua%205.4%20en-us%20utf8/os.lua
[20:14:32.039][info] [#0:script/workspace/workspace.lua:351]: Scan library at:	file:///home/mamad/.config/emacs/.cache/lsp/lua-language-server/meta/Lua%205.4%20en-us%20utf8/math.lua
[20:14:32.040][info] [#0:script/workspace/workspace.lua:351]: Scan library at:	file:///home/mamad/.config/emacs/.cache/lsp/lua-language-server/meta/Lua%205.4%20en-us%20utf8/table.lua
[20:14:32.040][info] [#0:script/workspace/workspace.lua:351]: Scan library at:	file:///home/mamad/.config/emacs/.cache/lsp/lua-language-server/meta/Lua%205.4%20en-us%20utf8/io.lua
[20:14:32.041][info] [#0:script/workspace/workspace.lua:351]: Scan library at:	file:///home/mamad/.config/emacs/.cache/lsp/lua-language-server/meta/Lua%205.4%20en-us%20utf8/coroutine.lua
[20:14:32.041][info] [#0:script/workspace/workspace.lua:351]: Scan library at:	file:///home/mamad/.config/emacs/.cache/lsp/lua-language-server/meta/Lua%205.4%20en-us%20utf8/os.lua
[20:14:32.042][info] [#0:script/workspace/workspace.lua:351]: Scan library at:	file:///home/mamad/.config/emacs/.cache/lsp/lua-language-server/meta/Lua%205.4%20en-us%20utf8/utf8.lua
[20:14:32.042][info] [#0:script/workspace/workspace.lua:351]: Scan library at:	file:///home/mamad/.config/emacs/.cache/lsp/lua-language-server/meta/Lua%205.4%20en-us%20utf8/table.lua
[20:14:32.044][info] [#0:script/workspace/workspace.lua:351]: Scan library at:	file:///home/mamad/.config/emacs/.cache/lsp/lua-language-server/meta/Lua%205.4%20en-us%20utf8/builtin.lua
[20:14:32.044][info] [#0:script/workspace/workspace.lua:351]: Scan library at:	file:///home/mamad/.config/emacs/.cache/lsp/lua-language-server/meta/Lua%205.4%20en-us%20utf8/coroutine.lua
[20:14:32.045][info] [#0:script/workspace/workspace.lua:351]: Scan library at:	file:///home/mamad/.config/emacs/.cache/lsp/lua-language-server/meta/Lua%205.4%20en-us%20utf8/debug.lua
[20:14:32.045][info] [#0:script/workspace/workspace.lua:351]: Scan library at:	file:///home/mamad/.config/emacs/.cache/lsp/lua-language-server/meta/Lua%205.4%20en-us%20utf8/utf8.lua
[20:14:32.046][info] [#0:script/workspace/workspace.lua:351]: Scan library at:	file:///home/mamad/.config/emacs/.cache/lsp/lua-language-server/meta/Lua%205.4%20en-us%20utf8/string.lua
[20:14:32.046][info] [#0:script/workspace/workspace.lua:351]: Scan library at:	file:///home/mamad/.config/emacs/.cache/lsp/lua-language-server/meta/Lua%205.4%20en-us%20utf8/builtin.lua
[20:14:32.047][info] [#0:script/workspace/workspace.lua:351]: Scan library at:	file:///home/mamad/.config/emacs/.cache/lsp/lua-language-server/meta/Lua%205.4%20en-us%20utf8/package.lua
[20:14:32.048][info] [#0:script/workspace/workspace.lua:351]: Scan library at:	file:///home/mamad/.config/emacs/.cache/lsp/lua-language-server/meta/Lua%205.4%20en-us%20utf8/debug.lua
[20:14:32.048][info] [#0:script/workspace/workspace.lua:351]: Scan library at:	file:///home/mamad/.config/emacs/.cache/lsp/lua-language-server/meta/Lua%205.4%20en-us%20utf8/string.lua
[20:14:32.049][info] [#0:script/workspace/workspace.lua:351]: Scan library at:	file:///home/mamad/.config/emacs/.cache/lsp/lua-language-server/meta/Lua%205.4%20en-us%20utf8/package.lua
[20:14:32.150][info] [#0:script/workspace/workspace.lua:377]: Found 11 files at:	<fallback>
[20:14:32.150][info] [#0:script/workspace/loading.lua:161]: Load files from disk:	<fallback>
[20:14:32.150][info] [#0:script/workspace/workspace.lua:377]: Found 12 files at:	file:///home/mamad/.config/awesome
[20:14:32.150][info] [#0:script/workspace/loading.lua:161]: Load files from disk:	file:///home/mamad/.config/awesome
[20:14:32.153][info] [#0:script/workspace/loading.lua:89]: Skip loaded file: file:///home/mamad/.config/awesome/rc.lua
[20:14:32.254][info] [#0:script/workspace/loading.lua:101]: Preload file at: file:///home/mamad/.config/emacs/.cache/lsp/lua-language-server/meta/Lua%205.4%20en-us%20utf8/package.lua , size = 2.944 KB
[20:14:32.262][info] [#0:script/workspace/loading.lua:113]: ++++As library of:	file:///home/mamad/.config/emacs/.cache/lsp/lua-language-server/meta/Lua%205.4%20en-us%20utf8/package.lua
[20:14:32.262][info] [#0:script/workspace/loading.lua:98]: Skip loaded file: file:///home/mamad/.config/emacs/.cache/lsp/lua-language-server/meta/Lua%205.4%20en-us%20utf8/package.lua
[20:14:32.262][info] [#0:script/workspace/loading.lua:101]: Preload file at: file:///home/mamad/.config/emacs/.cache/lsp/lua-language-server/meta/Lua%205.4%20en-us%20utf8/string.lua , size = 6.302 KB
[20:14:32.280][info] [#0:script/workspace/loading.lua:113]: ++++As library of:	file:///home/mamad/.config/emacs/.cache/lsp/lua-language-server/meta/Lua%205.4%20en-us%20utf8/string.lua
[20:14:32.280][info] [#0:script/workspace/loading.lua:98]: Skip loaded file: file:///home/mamad/.config/emacs/.cache/lsp/lua-language-server/meta/Lua%205.4%20en-us%20utf8/string.lua
[20:14:32.280][info] [#0:script/workspace/loading.lua:101]: Preload file at: file:///home/mamad/.config/emacs/.cache/lsp/lua-language-server/meta/Lua%205.4%20en-us%20utf8/debug.lua , size = 7.637 KB
[20:14:32.292][info] [#0:script/workspace/loading.lua:113]: ++++As library of:	file:///home/mamad/.config/emacs/.cache/lsp/lua-language-server/meta/Lua%205.4%20en-us%20utf8/debug.lua
[20:14:32.292][info] [#0:script/workspace/loading.lua:101]: Preload file at: file:///home/mamad/.config/emacs/.cache/lsp/lua-language-server/meta/Lua%205.4%20en-us%20utf8/builtin.lua , size = 0.302 KB
[20:14:32.293][info] [#0:script/workspace/loading.lua:113]: ++++As library of:	file:///home/mamad/.config/emacs/.cache/lsp/lua-language-server/meta/Lua%205.4%20en-us%20utf8/builtin.lua
[20:14:32.293][info] [#0:script/workspace/loading.lua:98]: Skip loaded file: file:///home/mamad/.config/emacs/.cache/lsp/lua-language-server/meta/Lua%205.4%20en-us%20utf8/builtin.lua
[20:14:32.293][info] [#0:script/workspace/loading.lua:98]: Skip loaded file: file:///home/mamad/.config/emacs/.cache/lsp/lua-language-server/meta/Lua%205.4%20en-us%20utf8/debug.lua
[20:14:32.293][info] [#0:script/workspace/loading.lua:101]: Preload file at: file:///home/mamad/.config/emacs/.cache/lsp/lua-language-server/meta/Lua%205.4%20en-us%20utf8/utf8.lua , size = 2.386 KB
[20:14:32.296][info] [#0:script/workspace/loading.lua:113]: ++++As library of:	file:///home/mamad/.config/emacs/.cache/lsp/lua-language-server/meta/Lua%205.4%20en-us%20utf8/utf8.lua
[20:14:32.296][info] [#0:script/workspace/loading.lua:98]: Skip loaded file: file:///home/mamad/.config/emacs/.cache/lsp/lua-language-server/meta/Lua%205.4%20en-us%20utf8/utf8.lua
[20:14:32.296][info] [#0:script/workspace/loading.lua:101]: Preload file at: file:///home/mamad/.config/emacs/.cache/lsp/lua-language-server/meta/Lua%205.4%20en-us%20utf8/coroutine.lua , size = 2.590 KB
[20:14:32.301][info] [#0:script/workspace/loading.lua:113]: ++++As library of:	file:///home/mamad/.config/emacs/.cache/lsp/lua-language-server/meta/Lua%205.4%20en-us%20utf8/coroutine.lua
[20:14:32.301][info] [#0:script/workspace/loading.lua:98]: Skip loaded file: file:///home/mamad/.config/emacs/.cache/lsp/lua-language-server/meta/Lua%205.4%20en-us%20utf8/coroutine.lua
[20:14:32.301][info] [#0:script/workspace/loading.lua:101]: Preload file at: file:///home/mamad/.config/emacs/.cache/lsp/lua-language-server/meta/Lua%205.4%20en-us%20utf8/table.lua , size = 4.230 KB
[20:14:32.304][info] [#0:script/workspace/loading.lua:113]: ++++As library of:	file:///home/mamad/.config/emacs/.cache/lsp/lua-language-server/meta/Lua%205.4%20en-us%20utf8/table.lua
[20:14:32.304][info] [#0:script/workspace/loading.lua:98]: Skip loaded file: file:///home/mamad/.config/emacs/.cache/lsp/lua-language-server/meta/Lua%205.4%20en-us%20utf8/table.lua
[20:14:32.304][info] [#0:script/workspace/loading.lua:101]: Preload file at: file:///home/mamad/.config/emacs/.cache/lsp/lua-language-server/meta/Lua%205.4%20en-us%20utf8/os.lua , size = 4.347 KB
[20:14:32.307][info] [#0:script/workspace/loading.lua:113]: ++++As library of:	file:///home/mamad/.config/emacs/.cache/lsp/lua-language-server/meta/Lua%205.4%20en-us%20utf8/os.lua
[20:14:32.307][info] [#0:script/workspace/loading.lua:98]: Skip loaded file: file:///home/mamad/.config/emacs/.cache/lsp/lua-language-server/meta/Lua%205.4%20en-us%20utf8/os.lua
[20:14:32.307][info] [#0:script/workspace/loading.lua:101]: Preload file at: file:///home/mamad/.config/emacs/.cache/lsp/lua-language-server/meta/Lua%205.4%20en-us%20utf8/io.lua , size = 6.364 KB
[20:14:32.311][info] [#0:script/workspace/loading.lua:113]: ++++As library of:	file:///home/mamad/.config/emacs/.cache/lsp/lua-language-server/meta/Lua%205.4%20en-us%20utf8/io.lua
[20:14:32.311][info] [#0:script/workspace/loading.lua:98]: Skip loaded file: file:///home/mamad/.config/emacs/.cache/lsp/lua-language-server/meta/Lua%205.4%20en-us%20utf8/io.lua
[20:14:32.311][info] [#0:script/workspace/loading.lua:101]: Preload file at: file:///home/mamad/.config/emacs/.cache/lsp/lua-language-server/meta/Lua%205.4%20en-us%20utf8/math.lua , size = 8.731 KB
[20:14:32.318][info] [#0:script/workspace/loading.lua:113]: ++++As library of:	file:///home/mamad/.config/emacs/.cache/lsp/lua-language-server/meta/Lua%205.4%20en-us%20utf8/math.lua
[20:14:32.318][info] [#0:script/workspace/loading.lua:98]: Skip loaded file: file:///home/mamad/.config/emacs/.cache/lsp/lua-language-server/meta/Lua%205.4%20en-us%20utf8/math.lua
[20:14:32.318][info] [#0:script/workspace/loading.lua:101]: Preload file at: file:///home/mamad/.config/emacs/.cache/lsp/lua-language-server/meta/Lua%205.4%20en-us%20utf8/basic.lua , size = 14.160 KB
[20:14:32.324][info] [#0:script/workspace/loading.lua:113]: ++++As library of:	file:///home/mamad/.config/emacs/.cache/lsp/lua-language-server/meta/Lua%205.4%20en-us%20utf8/basic.lua
[20:14:32.324][info] [#0:script/workspace/loading.lua:98]: Skip loaded file: file:///home/mamad/.config/emacs/.cache/lsp/lua-language-server/meta/Lua%205.4%20en-us%20utf8/basic.lua
[20:14:32.424][info] [#0:script/workspace/loading.lua:173]: Loaded files takes [0.085] sec: <fallback>
[20:14:32.424][info] [#0:script/workspace/loading.lua:182]: Compile files takes [0.000] sec: <fallback>
[20:14:32.425][info] [#0:script/workspace/loading.lua:183]: Loaded finish:	<fallback>
[20:14:32.425][info] [#0:script/workspace/workspace.lua:379]: Preload finish at:	<fallback>
[20:14:32.431][info] [#0:script/workspace/loading.lua:173]: Loaded files takes [0.091] sec: file:///home/mamad/.config/awesome
[20:14:32.431][info] [#0:script/workspace/loading.lua:182]: Compile files takes [0.000] sec: file:///home/mamad/.config/awesome
[20:14:32.431][info] [#0:script/workspace/loading.lua:183]: Loaded finish:	file:///home/mamad/.config/awesome
[20:14:32.431][info] [#0:script/workspace/workspace.lua:379]: Preload finish at:	file:///home/mamad/.config/awesome
[20:14:32.474][info] [#0:script/provider/diagnostic.lua:557]: Diagnostics scope [file:///home/mamad/.config/awesome], files count:[12]
[20:14:33.079][info] [#0:script/provider/diagnostic.lua:574]: Diagnostics scope [file:///home/mamad/.config/awesome] finished, takes [0.255] sec.
[20:24:31.547][info] [#0:script/service/service.lua:144]: 
========= Medical Examination Report =========
    --------------- Memory ---------------
        Total: 8.722 MB
        # 00 : 8.399 MB
        # 01 : 0.045 MB
        # 02 : 0.080 MB
        # 03 : 0.099 MB
        # 04 : 0.099 MB
    --------------- Coroutine ---------------
        Total:     38
        Running:   0
        Suspended: 0
        Normal:    0
        Dead:      38
    --------------- Cache ---------------
        Total: 1
        Dead:  0
    ---------------  RPC  ---------------
        Holdon:   0
        Waiting:  0
==============================================
[20:34:31.636][info] [#0:script/service/service.lua:144]: 
========= Medical Examination Report =========
    --------------- Memory ---------------
        Total: 9.397 MB
        # 00 : 9.073 MB
        # 01 : 0.045 MB
        # 02 : 0.080 MB
        # 03 : 0.099 MB
        # 04 : 0.099 MB
    --------------- Coroutine ---------------
        Total:     38
        Running:   0
        Suspended: 0
        Normal:    0
        Dead:      38
    --------------- Cache ---------------
        Total: 1
        Dead:  0
    ---------------  RPC  ---------------
        Holdon:   0
        Waiting:  0
==============================================
