[10:18:24.031][info] [#0:/home/mamad/.config/emacs/.cache/lsp/lua-language-server/main.lua:66]: Lua Lsp startup, root: 	/home/mamad/.config/emacs/.cache/lsp/lua-language-server
[10:18:24.032][info] [#0:/home/mamad/.config/emacs/.cache/lsp/lua-language-server/main.lua:67]: ROOT:	/home/mamad/.config/emacs/.cache/lsp/lua-language-server
[10:18:24.032][info] [#0:/home/mamad/.config/emacs/.cache/lsp/lua-language-server/main.lua:68]: LOGPATH:	/home/mamad/.config/emacs/.cache/lsp/lua-language-server/log
[10:18:24.032][info] [#0:/home/mamad/.config/emacs/.cache/lsp/lua-language-server/main.lua:69]: METAPATH:	/home/mamad/.config/emacs/.cache/lsp/lua-language-server/meta
[10:18:24.034][info] [#0:/home/mamad/.config/emacs/.cache/lsp/lua-language-server/main.lua:70]: VERSION:	3.6.18
[10:18:24.080][info] [#0:script/service/service.lua:144]: 
========= Medical Examination Report =========
    --------------- Memory ---------------
        Total: 2.111 MB
        # 00 : 2.111 MB
        # 01 : 0.000 MB
        # 02 : 0.000 MB
        # 03 : 0.000 MB
        # 04 : 0.000 MB
    --------------- Coroutine ---------------
        Total:     0
        Running:   0
        Suspended: 0
        Normal:    0
        Dead:      0
    --------------- Cache ---------------
        Total: 1
        Dead:  0
    ---------------  RPC  ---------------
        Holdon:   0
        Waiting:  0
==============================================
[10:18:24.090][info] [#0:script/client.lua:657]: Client init	{
  capabilities = {
    general = {
      positionEncodings = { "utf-32", "utf-16" }
    },
    textDocument = {
      callHierarchy = {
        dynamicRegistration = false
      },
      codeAction = {
        codeActionLiteralSupport = {
          codeActionKind = {
            valueSet = { "", "quickfix", "refactor", "refactor.extract", "refactor.inline", "refactor.rewrite", "source", "source.organizeImports" }
          }
        },
        dataSupport = true,
        dynamicRegistration = true,
        isPreferredSupport = true,
        resolveSupport = {
          properties = { "edit", "command" }
        }
      },
      completion = {
        completionItem = {
          deprecatedSupport = true,
          documentationFormat = { "markdown", "plaintext" },
          insertReplaceSupport = true,
          insertTextModeSupport = {
            valueSet = { 1, 2 }
          },
          resolveAdditionalTextEditsSupport = true,
          resolveSupport = {
            properties = { "documentation", "detail", "additionalTextEdits", "command" }
          },
          snippetSupport = true
        },
        contextSupport = true,
        dynamicRegistration = true
      },
      declaration = {
        dynamicRegistration = true,
        linkSupport = true
      },
      definition = {
        dynamicRegistration = true,
        linkSupport = true
      },
      documentLink = {
        dynamicRegistration = true,
        tooltipSupport = true
      },
      documentSymbol = {
        hierarchicalDocumentSymbolSupport = true,
        symbolKind = {
          valueSet = { 1, 2, 3, 4, 5, 6, 7, 8, 9, 10, 11, 12, 13, 14, 15, 16, 17, 18, 19, 20, 21, 22, 23, 24, 25, 26 }
        }
      },
      foldingRange = {
        dynamicRegistration = true
      },
      formatting = {
        dynamicRegistration = true
      },
      hover = {
        contentFormat = { "markdown", "plaintext" },
        dynamicRegistration = true
      },
      implementation = {
        dynamicRegistration = true,
        linkSupport = true
      },
      linkedEditingRange = {
        dynamicRegistration = true
      },
      onTypeFormatting = {
        dynamicRegistration = true
      },
      publishDiagnostics = {
        relatedInformation = true,
        tagSupport = {
          valueSet = { 1, 2 }
        },
        versionSupport = true
      },
      rangeFormatting = {
        dynamicRegistration = true
      },
      references = {
        dynamicRegistration = true
      },
      rename = {
        dynamicRegistration = true,
        prepareSupport = true
      },
      selectionRange = {
        dynamicRegistration = true
      },
      signatureHelp = {
        dynamicRegistration = true,
        signatureInformation = {
          parameterInformation = {
            labelOffsetSupport = true
          }
        }
      },
      synchronization = {
        didSave = true,
        willSave = true,
        willSaveWaitUntil = true
      },
      typeDefinition = {
        dynamicRegistration = true,
        linkSupport = true
      },
      typeHierarchy = {
        dynamicRegistration = true
      }
    },
    window = {
      showDocument = {
        support = true
      },
      workDoneProgress = true
    },
    workspace = {
      applyEdit = true,
      codeLens = {
        refreshSupport = true
      },
      configuration = true,
      didChangeWatchedFiles = {
        dynamicRegistration = true
      },
      executeCommand = {
        dynamicRegistration = false
      },
      fileOperations = {
        didCreate = false,
        didDelete = false,
        didRename = true,
        willCreate = false,
        willDelete = false,
        willRename = true
      },
      symbol = {
        symbolKind = {
          valueSet = { 1, 2, 3, 4, 5, 6, 7, 8, 9, 10, 11, 12, 13, 14, 15, 16, 17, 18, 19, 20, 21, 22, 23, 24, 25, 26 }
        }
      },
      workspaceEdit = {
        documentChanges = true,
        resourceOperations = { "create", "rename", "delete" }
      },
      workspaceFolders = true
    }
  },
  clientInfo = {
    name = "emacs",
    version = "GNU Emacs 28.2 (build 1, x86_64-pc-linux-gnu, GTK+ Version 3.24.36, cairo version 1.16.0)\n of 2023-03-02, modified by Debian"
  },
  processId = 2198,
  rootPath = "/tmp",
  rootUri = "file:///tmp",
  workDoneToken = "1"
}
[10:18:24.090][info] [#0:script/language.lua:137]: VSC language: nil
[10:18:24.090][info] [#0:script/language.lua:138]: LS  language: en-us
[10:18:24.090][info] [#0:script/workspace/workspace.lua:38]: Workspace init root: 	file:///tmp
[10:18:24.090][info] [#0:script/workspace/workspace.lua:42]: Log path: 	/home/mamad/.config/emacs/.cache/lsp/lua-language-server/log/file_tmp.log
[10:18:24.090][info] [#0:script/workspace/workspace.lua:48]: Workspace create: 	file:///tmp
[10:18:24.299][info] [#0:script/provider/provider.lua:46]: Load config from client	file:///tmp
[10:18:24.299][info] [#0:script/provider/provider.lua:47]: {
  Lua = {
    color = {
      mode = "Semantic"
    },
    completion = {
      callSnippet = "Disable",
      displayContext = 6,
      enable = true,
      keywordSnippet = "Replace",
      workspaceWord = true
    },
    develop = {
      debuggerPort = 11412,
      debuggerWait = false,
      enable = false
    },
    diagnostics = {
      enable = true,
      workspaceDelay = 0,
      workspaceRate = 100
    },
    hint = {
      enable = false,
      paramName = true,
      paramType = true
    },
    hover = {
      enable = true,
      fieldInfer = 3000,
      previewFields = 100,
      viewNumber = true,
      viewString = true,
      viewStringMax = 1000
    },
    intelliSense = {
      searchDepth = 0
    },
    runtime = {
      fileEncoding = "utf8",
      path = { "?.lua", "?/init.lua", "?/?.lua" },
      version = "Lua 5.4"
    },
    signatureHelp = {
      enable = true
    },
    telemetry = {
      enable = false
    },
    window = {
      progressBar = true,
      statusBar = true
    },
    workspace = {
      ignoreDir = { ".vscode" },
      ignoreSubmodules = true,
      maxPreload = 1000,
      preloadFileSize = 100,
      useGitIgnore = true
    }
  },
  ["files.associations"] = false,
  ["files.exclude"] = false
}
[10:18:24.299][info] [#0:script/provider/completion.lua:43]: Enable completion.
[10:18:24.400][info] [#0:script/provider/provider.lua:61]: Load config from client	fallback
[10:18:24.401][info] [#0:script/provider/provider.lua:62]: {
  Lua = {
    color = {
      mode = "Semantic"
    },
    completion = {
      callSnippet = "Disable",
      displayContext = 6,
      enable = true,
      keywordSnippet = "Replace",
      workspaceWord = true
    },
    develop = {
      debuggerPort = 11412,
      debuggerWait = false,
      enable = false
    },
    diagnostics = {
      enable = true,
      workspaceDelay = 0,
      workspaceRate = 100
    },
    hint = {
      enable = false,
      paramName = true,
      paramType = true
    },
    hover = {
      enable = true,
      fieldInfer = 3000,
      previewFields = 100,
      viewNumber = true,
      viewString = true,
      viewStringMax = 1000
    },
    intelliSense = {
      searchDepth = 0
    },
    runtime = {
      fileEncoding = "utf8",
      path = { "?.lua", "?/init.lua", "?/?.lua" },
      version = "Lua 5.4"
    },
    signatureHelp = {
      enable = true
    },
    telemetry = {
      enable = false
    },
    window = {
      progressBar = true,
      statusBar = true
    },
    workspace = {
      ignoreDir = { ".vscode" },
      ignoreSubmodules = true,
      maxPreload = 1000,
      preloadFileSize = 100,
      useGitIgnore = true
    }
  },
  ["files.associations"] = false,
  ["files.exclude"] = false
}
[10:18:24.402][info] [#0:script/library.lua:212]: Init builtin library at:	file:///tmp
[10:18:24.451][info] [#0:script/plugin.lua:86]: plugin path:	/tmp
[10:18:24.451][warn] [#0:script/plugin.lua:101]: plugin not found:	/tmp
[10:18:24.451][info] [#0:script/library.lua:212]: Init builtin library at:	nil
[10:18:24.564][info] [#0:script/workspace/workspace.lua:322]: Preload start:	file:///tmp
[10:18:24.568][info] [#0:script/workspace/workspace.lua:328]: Scan files at:	file:///tmp
[10:18:24.572][info] [#0:script/workspace/workspace.lua:322]: Preload start:	<fallback>
[10:18:24.576][info] [#0:script/workspace/workspace.lua:351]: Scan library at:	file:///home/mamad/.config/emacs/.cache/lsp/lua-language-server/meta/Lua%205.4%20en-us%20utf8/basic.lua
[10:18:24.576][info] [#0:script/workspace/workspace.lua:351]: Scan library at:	file:///home/mamad/.config/emacs/.cache/lsp/lua-language-server/meta/Lua%205.4%20en-us%20utf8/math.lua
[10:18:24.577][info] [#0:script/workspace/workspace.lua:351]: Scan library at:	file:///home/mamad/.config/emacs/.cache/lsp/lua-language-server/meta/Lua%205.4%20en-us%20utf8/io.lua
[10:18:24.577][info] [#0:script/workspace/workspace.lua:351]: Scan library at:	file:///home/mamad/.config/emacs/.cache/lsp/lua-language-server/meta/Lua%205.4%20en-us%20utf8/os.lua
[10:18:24.579][info] [#0:script/workspace/workspace.lua:351]: Scan library at:	file:///home/mamad/.config/emacs/.cache/lsp/lua-language-server/meta/Lua%205.4%20en-us%20utf8/table.lua
[10:18:24.579][info] [#0:script/workspace/workspace.lua:351]: Scan library at:	file:///home/mamad/.config/emacs/.cache/lsp/lua-language-server/meta/Lua%205.4%20en-us%20utf8/coroutine.lua
[10:18:24.580][info] [#0:script/workspace/workspace.lua:351]: Scan library at:	file:///home/mamad/.config/emacs/.cache/lsp/lua-language-server/meta/Lua%205.4%20en-us%20utf8/utf8.lua
[10:18:24.580][info] [#0:script/workspace/workspace.lua:351]: Scan library at:	file:///home/mamad/.config/emacs/.cache/lsp/lua-language-server/meta/Lua%205.4%20en-us%20utf8/builtin.lua
[10:18:24.581][info] [#0:script/workspace/workspace.lua:351]: Scan library at:	file:///home/mamad/.config/emacs/.cache/lsp/lua-language-server/meta/Lua%205.4%20en-us%20utf8/debug.lua
[10:18:24.581][info] [#0:script/workspace/workspace.lua:351]: Scan library at:	file:///home/mamad/.config/emacs/.cache/lsp/lua-language-server/meta/Lua%205.4%20en-us%20utf8/string.lua
[10:18:24.581][info] [#0:script/workspace/workspace.lua:351]: Scan library at:	file:///home/mamad/.config/emacs/.cache/lsp/lua-language-server/meta/Lua%205.4%20en-us%20utf8/package.lua
[10:18:24.582][info] [#0:script/workspace/workspace.lua:351]: Scan library at:	file:///home/mamad/.config/emacs/.cache/lsp/lua-language-server/meta/Lua%205.4%20en-us%20utf8/basic.lua
[10:18:24.582][info] [#0:script/workspace/workspace.lua:351]: Scan library at:	file:///home/mamad/.config/emacs/.cache/lsp/lua-language-server/meta/Lua%205.4%20en-us%20utf8/math.lua
[10:18:24.582][info] [#0:script/workspace/workspace.lua:351]: Scan library at:	file:///home/mamad/.config/emacs/.cache/lsp/lua-language-server/meta/Lua%205.4%20en-us%20utf8/io.lua
[10:18:24.583][info] [#0:script/workspace/workspace.lua:351]: Scan library at:	file:///home/mamad/.config/emacs/.cache/lsp/lua-language-server/meta/Lua%205.4%20en-us%20utf8/os.lua
[10:18:24.583][info] [#0:script/workspace/workspace.lua:351]: Scan library at:	file:///home/mamad/.config/emacs/.cache/lsp/lua-language-server/meta/Lua%205.4%20en-us%20utf8/table.lua
[10:18:24.583][info] [#0:script/workspace/workspace.lua:351]: Scan library at:	file:///home/mamad/.config/emacs/.cache/lsp/lua-language-server/meta/Lua%205.4%20en-us%20utf8/coroutine.lua
[10:18:24.583][info] [#0:script/workspace/workspace.lua:351]: Scan library at:	file:///home/mamad/.config/emacs/.cache/lsp/lua-language-server/meta/Lua%205.4%20en-us%20utf8/utf8.lua
[10:18:24.584][info] [#0:script/workspace/workspace.lua:351]: Scan library at:	file:///home/mamad/.config/emacs/.cache/lsp/lua-language-server/meta/Lua%205.4%20en-us%20utf8/builtin.lua
[10:18:24.584][info] [#0:script/workspace/workspace.lua:351]: Scan library at:	file:///home/mamad/.config/emacs/.cache/lsp/lua-language-server/meta/Lua%205.4%20en-us%20utf8/debug.lua
[10:18:24.584][info] [#0:script/workspace/workspace.lua:351]: Scan library at:	file:///home/mamad/.config/emacs/.cache/lsp/lua-language-server/meta/Lua%205.4%20en-us%20utf8/string.lua
[10:18:24.584][info] [#0:script/workspace/workspace.lua:351]: Scan library at:	file:///home/mamad/.config/emacs/.cache/lsp/lua-language-server/meta/Lua%205.4%20en-us%20utf8/package.lua
[10:18:24.685][info] [#0:script/workspace/workspace.lua:377]: Found 11 files at:	<fallback>
[10:18:24.685][info] [#0:script/workspace/loading.lua:161]: Load files from disk:	<fallback>
[10:18:24.685][info] [#0:script/workspace/workspace.lua:377]: Found 12 files at:	file:///tmp
[10:18:24.686][info] [#0:script/workspace/loading.lua:161]: Load files from disk:	file:///tmp
[10:18:24.692][info] [#0:script/workspace/loading.lua:101]: Preload file at: file:///home/mamad/.config/emacs/.cache/lsp/lua-language-server/meta/Lua%205.4%20en-us%20utf8/package.lua , size = 2.944 KB
[10:18:24.702][info] [#0:script/workspace/loading.lua:113]: ++++As library of:	file:///home/mamad/.config/emacs/.cache/lsp/lua-language-server/meta/Lua%205.4%20en-us%20utf8/package.lua
[10:18:24.702][info] [#0:script/workspace/loading.lua:98]: Skip loaded file: file:///home/mamad/.config/emacs/.cache/lsp/lua-language-server/meta/Lua%205.4%20en-us%20utf8/package.lua
[10:18:24.702][info] [#0:script/workspace/loading.lua:101]: Preload file at: file:///home/mamad/.config/emacs/.cache/lsp/lua-language-server/meta/Lua%205.4%20en-us%20utf8/string.lua , size = 6.302 KB
[10:18:24.721][info] [#0:script/workspace/loading.lua:113]: ++++As library of:	file:///home/mamad/.config/emacs/.cache/lsp/lua-language-server/meta/Lua%205.4%20en-us%20utf8/string.lua
[10:18:24.721][info] [#0:script/workspace/loading.lua:98]: Skip loaded file: file:///home/mamad/.config/emacs/.cache/lsp/lua-language-server/meta/Lua%205.4%20en-us%20utf8/string.lua
[10:18:24.721][info] [#0:script/workspace/loading.lua:101]: Preload file at: file:///home/mamad/.config/emacs/.cache/lsp/lua-language-server/meta/Lua%205.4%20en-us%20utf8/debug.lua , size = 7.637 KB
[10:18:24.729][info] [#0:script/workspace/loading.lua:113]: ++++As library of:	file:///home/mamad/.config/emacs/.cache/lsp/lua-language-server/meta/Lua%205.4%20en-us%20utf8/debug.lua
[10:18:24.729][info] [#0:script/workspace/loading.lua:98]: Skip loaded file: file:///home/mamad/.config/emacs/.cache/lsp/lua-language-server/meta/Lua%205.4%20en-us%20utf8/debug.lua
[10:18:24.729][info] [#0:script/workspace/loading.lua:101]: Preload file at: file:///home/mamad/.config/emacs/.cache/lsp/lua-language-server/meta/Lua%205.4%20en-us%20utf8/builtin.lua , size = 0.302 KB
[10:18:24.730][info] [#0:script/workspace/loading.lua:113]: ++++As library of:	file:///home/mamad/.config/emacs/.cache/lsp/lua-language-server/meta/Lua%205.4%20en-us%20utf8/builtin.lua
[10:18:24.730][info] [#0:script/workspace/loading.lua:98]: Skip loaded file: file:///home/mamad/.config/emacs/.cache/lsp/lua-language-server/meta/Lua%205.4%20en-us%20utf8/builtin.lua
[10:18:24.730][info] [#0:script/workspace/loading.lua:101]: Preload file at: file:///home/mamad/.config/emacs/.cache/lsp/lua-language-server/meta/Lua%205.4%20en-us%20utf8/utf8.lua , size = 2.386 KB
[10:18:24.732][info] [#0:script/workspace/loading.lua:113]: ++++As library of:	file:///home/mamad/.config/emacs/.cache/lsp/lua-language-server/meta/Lua%205.4%20en-us%20utf8/utf8.lua
[10:18:24.732][info] [#0:script/workspace/loading.lua:98]: Skip loaded file: file:///home/mamad/.config/emacs/.cache/lsp/lua-language-server/meta/Lua%205.4%20en-us%20utf8/utf8.lua
[10:18:24.732][info] [#0:script/workspace/loading.lua:101]: Preload file at: file:///home/mamad/.config/emacs/.cache/lsp/lua-language-server/meta/Lua%205.4%20en-us%20utf8/coroutine.lua , size = 2.590 KB
[10:18:24.737][info] [#0:script/workspace/loading.lua:113]: ++++As library of:	file:///home/mamad/.config/emacs/.cache/lsp/lua-language-server/meta/Lua%205.4%20en-us%20utf8/coroutine.lua
[10:18:24.737][info] [#0:script/workspace/loading.lua:98]: Skip loaded file: file:///home/mamad/.config/emacs/.cache/lsp/lua-language-server/meta/Lua%205.4%20en-us%20utf8/coroutine.lua
[10:18:24.737][info] [#0:script/workspace/loading.lua:101]: Preload file at: file:///home/mamad/.config/emacs/.cache/lsp/lua-language-server/meta/Lua%205.4%20en-us%20utf8/table.lua , size = 4.230 KB
[10:18:24.740][info] [#0:script/workspace/loading.lua:113]: ++++As library of:	file:///home/mamad/.config/emacs/.cache/lsp/lua-language-server/meta/Lua%205.4%20en-us%20utf8/table.lua
[10:18:24.740][info] [#0:script/workspace/loading.lua:98]: Skip loaded file: file:///home/mamad/.config/emacs/.cache/lsp/lua-language-server/meta/Lua%205.4%20en-us%20utf8/table.lua
[10:18:24.740][info] [#0:script/workspace/loading.lua:101]: Preload file at: file:///home/mamad/.config/emacs/.cache/lsp/lua-language-server/meta/Lua%205.4%20en-us%20utf8/os.lua , size = 4.347 KB
[10:18:24.742][info] [#0:script/workspace/loading.lua:113]: ++++As library of:	file:///home/mamad/.config/emacs/.cache/lsp/lua-language-server/meta/Lua%205.4%20en-us%20utf8/os.lua
[10:18:24.742][info] [#0:script/workspace/loading.lua:98]: Skip loaded file: file:///home/mamad/.config/emacs/.cache/lsp/lua-language-server/meta/Lua%205.4%20en-us%20utf8/os.lua
[10:18:24.742][info] [#0:script/workspace/loading.lua:101]: Preload file at: file:///home/mamad/.config/emacs/.cache/lsp/lua-language-server/meta/Lua%205.4%20en-us%20utf8/io.lua , size = 6.364 KB
[10:18:24.746][info] [#0:script/workspace/loading.lua:113]: ++++As library of:	file:///home/mamad/.config/emacs/.cache/lsp/lua-language-server/meta/Lua%205.4%20en-us%20utf8/io.lua
[10:18:24.746][info] [#0:script/workspace/loading.lua:101]: Preload file at: file:///home/mamad/.config/emacs/.cache/lsp/lua-language-server/meta/Lua%205.4%20en-us%20utf8/math.lua , size = 8.731 KB
[10:18:24.753][info] [#0:script/workspace/loading.lua:113]: ++++As library of:	file:///home/mamad/.config/emacs/.cache/lsp/lua-language-server/meta/Lua%205.4%20en-us%20utf8/math.lua
[10:18:24.753][info] [#0:script/workspace/loading.lua:98]: Skip loaded file: file:///home/mamad/.config/emacs/.cache/lsp/lua-language-server/meta/Lua%205.4%20en-us%20utf8/io.lua
[10:18:24.753][info] [#0:script/workspace/loading.lua:89]: Skip loaded file: file:///home/mamad/.config/emacs/.cache/lsp/lua-language-server/meta/Lua%205.4%20en-us%20utf8/math.lua
[10:18:24.753][info] [#0:script/workspace/loading.lua:113]: ++++As library of:	file:///home/mamad/.config/emacs/.cache/lsp/lua-language-server/meta/Lua%205.4%20en-us%20utf8/math.lua
[10:18:24.753][info] [#0:script/workspace/loading.lua:89]: Skip loaded file: file:///tmp/test.lua
[10:18:24.854][info] [#0:script/workspace/loading.lua:101]: Preload file at: file:///home/mamad/.config/emacs/.cache/lsp/lua-language-server/meta/Lua%205.4%20en-us%20utf8/basic.lua , size = 14.160 KB
[10:18:24.880][info] [#0:script/workspace/loading.lua:113]: ++++As library of:	file:///home/mamad/.config/emacs/.cache/lsp/lua-language-server/meta/Lua%205.4%20en-us%20utf8/basic.lua
[10:18:24.880][info] [#0:script/workspace/loading.lua:98]: Skip loaded file: file:///home/mamad/.config/emacs/.cache/lsp/lua-language-server/meta/Lua%205.4%20en-us%20utf8/basic.lua
[10:18:24.981][info] [#0:script/workspace/loading.lua:173]: Loaded files takes [0.108] sec: <fallback>
[10:18:24.981][info] [#0:script/workspace/loading.lua:182]: Compile files takes [0.000] sec: <fallback>
[10:18:24.981][info] [#0:script/workspace/loading.lua:183]: Loaded finish:	<fallback>
[10:18:24.981][info] [#0:script/workspace/workspace.lua:379]: Preload finish at:	<fallback>
[10:18:25.007][info] [#0:script/workspace/loading.lua:173]: Loaded files takes [0.125] sec: file:///tmp
[10:18:25.007][info] [#0:script/workspace/loading.lua:182]: Compile files takes [0.000] sec: file:///tmp
[10:18:25.007][info] [#0:script/workspace/loading.lua:183]: Loaded finish:	file:///tmp
[10:18:25.007][info] [#0:script/workspace/workspace.lua:379]: Preload finish at:	file:///tmp
[10:18:25.019][info] [#0:script/provider/diagnostic.lua:557]: Diagnostics scope [file:///tmp], files count:[12]
[10:18:25.040][info] [#0:script/provider/diagnostic.lua:574]: Diagnostics scope [file:///tmp] finished, takes [0.015] sec.
[10:18:27.227][info] [#0:script/provider/diagnostic.lua:557]: Diagnostics scope [file:///tmp], files count:[12]
[10:18:27.230][info] [#0:script/provider/diagnostic.lua:574]: Diagnostics scope [file:///tmp] finished, takes [0.003] sec.
[10:19:45.127][info] [#0:script/workspace/workspace.lua:282]: Scan files at:	file:///tmp/moonglfw
[10:19:45.127][info] [#0:script/workspace/loading.lua:161]: Load files from disk:	file:///tmp/moonglfw
[10:19:45.128][info] [#0:script/workspace/loading.lua:173]: Loaded files takes [0.000] sec: file:///tmp/moonglfw
[10:19:45.128][info] [#0:script/workspace/loading.lua:182]: Compile files takes [0.000] sec: file:///tmp/moonglfw
[10:19:45.128][info] [#0:script/workspace/loading.lua:183]: Loaded finish:	file:///tmp/moonglfw
[10:19:48.124][info] [#0:script/workspace/workspace.lua:282]: Scan files at:	file:///tmp/moonglfw/README.md
[10:19:48.124][info] [#0:script/workspace/workspace.lua:282]: Scan files at:	file:///tmp/moonglfw/LICENSE
[10:19:48.125][info] [#0:script/workspace/workspace.lua:282]: Scan files at:	file:///tmp/moonglfw/thirdparty
[10:19:48.125][info] [#0:script/workspace/workspace.lua:282]: Scan files at:	file:///tmp/moonglfw/doc
[10:19:48.126][info] [#0:script/workspace/workspace.lua:282]: Scan files at:	file:///tmp/moonglfw/Makefile
[10:19:48.126][info] [#0:script/workspace/workspace.lua:282]: Scan files at:	file:///tmp/moonglfw/examples
[10:19:48.128][info] [#0:script/workspace/workspace.lua:282]: Scan files at:	file:///tmp/moonglfw/.gitignore
[10:19:48.128][info] [#0:script/workspace/workspace.lua:282]: Scan files at:	file:///tmp/moonglfw/moonglfw
[10:19:48.128][info] [#0:script/workspace/workspace.lua:282]: Scan files at:	file:///tmp/moonglfw/src
[10:19:48.130][info] [#0:script/workspace/loading.lua:161]: Load files from disk:	file:///tmp/moonglfw/README.md
[10:19:48.130][info] [#0:script/workspace/loading.lua:173]: Loaded files takes [0.000] sec: file:///tmp/moonglfw/README.md
[10:19:48.130][info] [#0:script/workspace/loading.lua:182]: Compile files takes [0.000] sec: file:///tmp/moonglfw/README.md
[10:19:48.130][info] [#0:script/workspace/loading.lua:183]: Loaded finish:	file:///tmp/moonglfw/README.md
[10:19:48.130][info] [#0:script/workspace/loading.lua:161]: Load files from disk:	file:///tmp/moonglfw/LICENSE
[10:19:48.130][info] [#0:script/workspace/loading.lua:173]: Loaded files takes [0.000] sec: file:///tmp/moonglfw/LICENSE
[10:19:48.131][info] [#0:script/workspace/loading.lua:182]: Compile files takes [0.000] sec: file:///tmp/moonglfw/LICENSE
[10:19:48.131][info] [#0:script/workspace/loading.lua:183]: Loaded finish:	file:///tmp/moonglfw/LICENSE
[10:19:48.131][info] [#0:script/workspace/loading.lua:161]: Load files from disk:	file:///tmp/moonglfw/Makefile
[10:19:48.131][info] [#0:script/workspace/loading.lua:173]: Loaded files takes [0.000] sec: file:///tmp/moonglfw/Makefile
[10:19:48.131][info] [#0:script/workspace/loading.lua:182]: Compile files takes [0.000] sec: file:///tmp/moonglfw/Makefile
[10:19:48.131][info] [#0:script/workspace/loading.lua:183]: Loaded finish:	file:///tmp/moonglfw/Makefile
[10:19:48.132][info] [#0:script/workspace/loading.lua:161]: Load files from disk:	file:///tmp/moonglfw/.gitignore
[10:19:48.132][info] [#0:script/workspace/loading.lua:173]: Loaded files takes [0.000] sec: file:///tmp/moonglfw/.gitignore
[10:19:48.132][info] [#0:script/workspace/loading.lua:182]: Compile files takes [0.000] sec: file:///tmp/moonglfw/.gitignore
[10:19:48.132][info] [#0:script/workspace/loading.lua:183]: Loaded finish:	file:///tmp/moonglfw/.gitignore
[10:19:48.151][info] [#0:script/library.lua:212]: Init builtin library at:	file:///tmp
[10:19:48.177][info] [#0:script/plugin.lua:86]: plugin path:	/tmp
[10:19:48.177][warn] [#0:script/plugin.lua:101]: plugin not found:	/tmp
[10:19:48.177][info] [#0:script/workspace/loading.lua:161]: Load files from disk:	file:///tmp/moonglfw/moonglfw
[10:19:48.177][info] [#0:script/workspace/loading.lua:173]: Loaded files takes [0.000] sec: file:///tmp/moonglfw/moonglfw
[10:19:48.177][info] [#0:script/workspace/loading.lua:182]: Compile files takes [0.000] sec: file:///tmp/moonglfw/moonglfw
[10:19:48.177][info] [#0:script/workspace/loading.lua:183]: Loaded finish:	file:///tmp/moonglfw/moonglfw
[10:19:48.177][info] [#0:script/workspace/loading.lua:161]: Load files from disk:	file:///tmp/moonglfw/thirdparty
[10:19:48.177][info] [#0:script/workspace/loading.lua:173]: Loaded files takes [0.000] sec: file:///tmp/moonglfw/thirdparty
[10:19:48.177][info] [#0:script/workspace/loading.lua:182]: Compile files takes [0.000] sec: file:///tmp/moonglfw/thirdparty
[10:19:48.177][info] [#0:script/workspace/loading.lua:183]: Loaded finish:	file:///tmp/moonglfw/thirdparty
[10:19:48.178][info] [#0:script/workspace/loading.lua:161]: Load files from disk:	file:///tmp/moonglfw/examples
[10:19:48.178][info] [#0:script/workspace/loading.lua:101]: Preload file at: file:///tmp/moonglfw/examples/fullscreen.lua , size = 1.881 KB
[10:19:48.180][info] [#0:script/workspace/loading.lua:101]: Preload file at: file:///tmp/moonglfw/examples/callbacks.lua , size = 1.822 KB
[10:19:48.183][info] [#0:script/workspace/loading.lua:101]: Preload file at: file:///tmp/moonglfw/examples/version.lua , size = 0.150 KB
[10:19:48.183][info] [#0:script/workspace/loading.lua:101]: Preload file at: file:///tmp/moonglfw/examples/hello.lua , size = 0.438 KB
[10:19:48.184][info] [#0:script/workspace/loading.lua:101]: Preload file at: file:///tmp/moonglfw/examples/simple.lua , size = 2.770 KB
[10:19:48.186][info] [#0:script/workspace/loading.lua:101]: Preload file at: file:///tmp/moonglfw/examples/gameloop.lua , size = 2.875 KB
[10:19:48.188][info] [#0:script/workspace/loading.lua:101]: Preload file at: file:///tmp/moonglfw/examples/native.lua , size = 2.188 KB
[10:19:48.190][info] [#0:script/workspace/loading.lua:161]: Load files from disk:	file:///tmp/moonglfw/doc
[10:19:48.190][info] [#0:script/workspace/loading.lua:173]: Loaded files takes [0.000] sec: file:///tmp/moonglfw/doc
[10:19:48.190][info] [#0:script/workspace/loading.lua:182]: Compile files takes [0.000] sec: file:///tmp/moonglfw/doc
[10:19:48.190][info] [#0:script/workspace/loading.lua:183]: Loaded finish:	file:///tmp/moonglfw/doc
[10:19:48.190][info] [#0:script/workspace/loading.lua:161]: Load files from disk:	file:///tmp/moonglfw/src
[10:19:48.190][info] [#0:script/workspace/loading.lua:173]: Loaded files takes [0.000] sec: file:///tmp/moonglfw/src
[10:19:48.190][info] [#0:script/workspace/loading.lua:182]: Compile files takes [0.000] sec: file:///tmp/moonglfw/src
[10:19:48.190][info] [#0:script/workspace/loading.lua:183]: Loaded finish:	file:///tmp/moonglfw/src
[10:19:48.291][info] [#0:script/workspace/workspace.lua:322]: Preload start:	file:///tmp
[10:19:48.329][info] [#0:script/workspace/workspace.lua:328]: Scan files at:	file:///tmp
[10:19:48.342][info] [#0:script/workspace/loading.lua:173]: Loaded files takes [0.046] sec: file:///tmp/moonglfw/examples
[10:19:48.342][info] [#0:script/workspace/loading.lua:182]: Compile files takes [0.000] sec: file:///tmp/moonglfw/examples
[10:19:48.342][info] [#0:script/workspace/loading.lua:183]: Loaded finish:	file:///tmp/moonglfw/examples
[10:19:48.353][info] [#0:script/workspace/workspace.lua:351]: Scan library at:	file:///home/mamad/.config/emacs/.cache/lsp/lua-language-server/meta/Lua%205.4%20en-us%20utf8/basic.lua
[10:19:48.353][info] [#0:script/workspace/workspace.lua:351]: Scan library at:	file:///home/mamad/.config/emacs/.cache/lsp/lua-language-server/meta/Lua%205.4%20en-us%20utf8/math.lua
[10:19:48.353][info] [#0:script/workspace/workspace.lua:351]: Scan library at:	file:///home/mamad/.config/emacs/.cache/lsp/lua-language-server/meta/Lua%205.4%20en-us%20utf8/io.lua
[10:19:48.353][info] [#0:script/workspace/workspace.lua:351]: Scan library at:	file:///home/mamad/.config/emacs/.cache/lsp/lua-language-server/meta/Lua%205.4%20en-us%20utf8/os.lua
[10:19:48.354][info] [#0:script/workspace/workspace.lua:351]: Scan library at:	file:///home/mamad/.config/emacs/.cache/lsp/lua-language-server/meta/Lua%205.4%20en-us%20utf8/table.lua
[10:19:48.354][info] [#0:script/workspace/workspace.lua:351]: Scan library at:	file:///home/mamad/.config/emacs/.cache/lsp/lua-language-server/meta/Lua%205.4%20en-us%20utf8/coroutine.lua
[10:19:48.354][info] [#0:script/workspace/workspace.lua:351]: Scan library at:	file:///home/mamad/.config/emacs/.cache/lsp/lua-language-server/meta/Lua%205.4%20en-us%20utf8/utf8.lua
[10:19:48.354][info] [#0:script/workspace/workspace.lua:351]: Scan library at:	file:///home/mamad/.config/emacs/.cache/lsp/lua-language-server/meta/Lua%205.4%20en-us%20utf8/builtin.lua
[10:19:48.354][info] [#0:script/workspace/workspace.lua:351]: Scan library at:	file:///home/mamad/.config/emacs/.cache/lsp/lua-language-server/meta/Lua%205.4%20en-us%20utf8/debug.lua
[10:19:48.354][info] [#0:script/workspace/workspace.lua:351]: Scan library at:	file:///home/mamad/.config/emacs/.cache/lsp/lua-language-server/meta/Lua%205.4%20en-us%20utf8/string.lua
[10:19:48.355][info] [#0:script/workspace/workspace.lua:351]: Scan library at:	file:///home/mamad/.config/emacs/.cache/lsp/lua-language-server/meta/Lua%205.4%20en-us%20utf8/package.lua
[10:19:48.455][info] [#0:script/workspace/workspace.lua:377]: Found 19 files at:	file:///tmp
[10:19:48.455][info] [#0:script/workspace/loading.lua:161]: Load files from disk:	file:///tmp
[10:19:48.456][info] [#0:script/workspace/loading.lua:101]: Preload file at: file:///home/mamad/.config/emacs/.cache/lsp/lua-language-server/meta/Lua%205.4%20en-us%20utf8/package.lua , size = 2.944 KB
[10:19:48.463][info] [#0:script/workspace/loading.lua:113]: ++++As library of:	file:///home/mamad/.config/emacs/.cache/lsp/lua-language-server/meta/Lua%205.4%20en-us%20utf8/package.lua
[10:19:48.463][info] [#0:script/workspace/loading.lua:101]: Preload file at: file:///home/mamad/.config/emacs/.cache/lsp/lua-language-server/meta/Lua%205.4%20en-us%20utf8/string.lua , size = 6.302 KB
[10:19:48.479][info] [#0:script/workspace/loading.lua:113]: ++++As library of:	file:///home/mamad/.config/emacs/.cache/lsp/lua-language-server/meta/Lua%205.4%20en-us%20utf8/string.lua
[10:19:48.479][info] [#0:script/workspace/loading.lua:101]: Preload file at: file:///home/mamad/.config/emacs/.cache/lsp/lua-language-server/meta/Lua%205.4%20en-us%20utf8/debug.lua , size = 7.637 KB
[10:19:48.493][info] [#0:script/workspace/loading.lua:113]: ++++As library of:	file:///home/mamad/.config/emacs/.cache/lsp/lua-language-server/meta/Lua%205.4%20en-us%20utf8/debug.lua
[10:19:48.493][info] [#0:script/workspace/loading.lua:101]: Preload file at: file:///home/mamad/.config/emacs/.cache/lsp/lua-language-server/meta/Lua%205.4%20en-us%20utf8/builtin.lua , size = 0.302 KB
[10:19:48.494][info] [#0:script/workspace/loading.lua:113]: ++++As library of:	file:///home/mamad/.config/emacs/.cache/lsp/lua-language-server/meta/Lua%205.4%20en-us%20utf8/builtin.lua
[10:19:48.494][info] [#0:script/workspace/loading.lua:101]: Preload file at: file:///home/mamad/.config/emacs/.cache/lsp/lua-language-server/meta/Lua%205.4%20en-us%20utf8/utf8.lua , size = 2.386 KB
[10:19:48.497][info] [#0:script/workspace/loading.lua:113]: ++++As library of:	file:///home/mamad/.config/emacs/.cache/lsp/lua-language-server/meta/Lua%205.4%20en-us%20utf8/utf8.lua
[10:19:48.497][info] [#0:script/workspace/loading.lua:101]: Preload file at: file:///home/mamad/.config/emacs/.cache/lsp/lua-language-server/meta/Lua%205.4%20en-us%20utf8/table.lua , size = 4.230 KB
[10:19:48.505][info] [#0:script/workspace/loading.lua:113]: ++++As library of:	file:///home/mamad/.config/emacs/.cache/lsp/lua-language-server/meta/Lua%205.4%20en-us%20utf8/table.lua
[10:19:48.505][info] [#0:script/workspace/loading.lua:101]: Preload file at: file:///home/mamad/.config/emacs/.cache/lsp/lua-language-server/meta/Lua%205.4%20en-us%20utf8/coroutine.lua , size = 2.590 KB
[10:19:48.507][info] [#0:script/workspace/loading.lua:113]: ++++As library of:	file:///home/mamad/.config/emacs/.cache/lsp/lua-language-server/meta/Lua%205.4%20en-us%20utf8/coroutine.lua
[10:19:48.507][info] [#0:script/workspace/loading.lua:101]: Preload file at: file:///home/mamad/.config/emacs/.cache/lsp/lua-language-server/meta/Lua%205.4%20en-us%20utf8/os.lua , size = 4.347 KB
[10:19:48.510][info] [#0:script/workspace/loading.lua:113]: ++++As library of:	file:///home/mamad/.config/emacs/.cache/lsp/lua-language-server/meta/Lua%205.4%20en-us%20utf8/os.lua
[10:19:48.510][info] [#0:script/workspace/loading.lua:89]: Skip loaded file: file:///home/mamad/.config/emacs/.cache/lsp/lua-language-server/meta/Lua%205.4%20en-us%20utf8/math.lua
[10:19:48.510][info] [#0:script/workspace/loading.lua:113]: ++++As library of:	file:///home/mamad/.config/emacs/.cache/lsp/lua-language-server/meta/Lua%205.4%20en-us%20utf8/math.lua
[10:19:48.510][info] [#0:script/workspace/loading.lua:89]: Skip loaded file: file:///tmp/test.lua
[10:19:48.510][info] [#0:script/workspace/loading.lua:89]: Skip loaded file: file:///tmp/moonglfw/examples/fullscreen.lua
[10:19:48.510][info] [#0:script/workspace/loading.lua:101]: Preload file at: file:///home/mamad/.config/emacs/.cache/lsp/lua-language-server/meta/Lua%205.4%20en-us%20utf8/io.lua , size = 6.364 KB
[10:19:48.513][info] [#0:script/workspace/loading.lua:113]: ++++As library of:	file:///home/mamad/.config/emacs/.cache/lsp/lua-language-server/meta/Lua%205.4%20en-us%20utf8/io.lua
[10:19:48.513][info] [#0:script/workspace/loading.lua:101]: Preload file at: file:///home/mamad/.config/emacs/.cache/lsp/lua-language-server/meta/Lua%205.4%20en-us%20utf8/basic.lua , size = 14.160 KB
[10:19:48.519][info] [#0:script/workspace/loading.lua:113]: ++++As library of:	file:///home/mamad/.config/emacs/.cache/lsp/lua-language-server/meta/Lua%205.4%20en-us%20utf8/basic.lua
[10:19:48.519][info] [#0:script/workspace/loading.lua:89]: Skip loaded file: file:///tmp/moonglfw/examples/callbacks.lua
[10:19:48.519][info] [#0:script/workspace/loading.lua:89]: Skip loaded file: file:///tmp/moonglfw/examples/version.lua
[10:19:48.519][info] [#0:script/workspace/loading.lua:89]: Skip loaded file: file:///tmp/moonglfw/examples/hello.lua
[10:19:48.519][info] [#0:script/workspace/loading.lua:89]: Skip loaded file: file:///tmp/moonglfw/examples/simple.lua
[10:19:48.519][info] [#0:script/workspace/loading.lua:89]: Skip loaded file: file:///tmp/moonglfw/examples/gameloop.lua
[10:19:48.519][info] [#0:script/workspace/loading.lua:89]: Skip loaded file: file:///tmp/moonglfw/examples/native.lua
[10:19:48.519][info] [#0:script/workspace/loading.lua:173]: Loaded files takes [0.065] sec: file:///tmp
[10:19:48.519][info] [#0:script/workspace/loading.lua:182]: Compile files takes [0.000] sec: file:///tmp
[10:19:48.519][info] [#0:script/workspace/loading.lua:183]: Loaded finish:	file:///tmp
[10:19:48.519][info] [#0:script/workspace/workspace.lua:379]: Preload finish at:	file:///tmp
[10:19:48.620][info] [#0:script/provider/diagnostic.lua:557]: Diagnostics scope [file:///tmp], files count:[19]
[10:19:48.695][info] [#0:script/provider/diagnostic.lua:574]: Diagnostics scope [file:///tmp] finished, takes [0.076] sec.
[10:22:40.171][info] [#0:script/workspace/workspace.lua:282]: Scan files at:	file:///tmp/ccqT6py4.s
[10:22:40.171][info] [#0:script/workspace/loading.lua:161]: Load files from disk:	file:///tmp/ccqT6py4.s
[10:22:40.171][info] [#0:script/workspace/loading.lua:173]: Loaded files takes [0.000] sec: file:///tmp/ccqT6py4.s
[10:22:40.171][info] [#0:script/workspace/loading.lua:182]: Compile files takes [0.000] sec: file:///tmp/ccqT6py4.s
[10:22:40.171][info] [#0:script/workspace/loading.lua:183]: Loaded finish:	file:///tmp/ccqT6py4.s
[10:22:41.174][info] [#0:script/workspace/workspace.lua:282]: Scan files at:	file:///tmp/cczdLcsI.s
[10:22:41.174][info] [#0:script/workspace/loading.lua:161]: Load files from disk:	file:///tmp/cczdLcsI.s
[10:22:41.174][info] [#0:script/workspace/loading.lua:173]: Loaded files takes [0.000] sec: file:///tmp/cczdLcsI.s
[10:22:41.174][info] [#0:script/workspace/loading.lua:182]: Compile files takes [0.000] sec: file:///tmp/cczdLcsI.s
[10:22:41.174][info] [#0:script/workspace/loading.lua:183]: Loaded finish:	file:///tmp/cczdLcsI.s
[10:22:42.177][info] [#0:script/workspace/workspace.lua:282]: Scan files at:	file:///tmp/ccvLpNpS.s
[10:22:42.177][info] [#0:script/workspace/loading.lua:161]: Load files from disk:	file:///tmp/ccvLpNpS.s
[10:22:42.177][info] [#0:script/workspace/loading.lua:173]: Loaded files takes [0.000] sec: file:///tmp/ccvLpNpS.s
[10:22:42.177][info] [#0:script/workspace/loading.lua:182]: Compile files takes [0.000] sec: file:///tmp/ccvLpNpS.s
[10:22:42.177][info] [#0:script/workspace/loading.lua:183]: Loaded finish:	file:///tmp/ccvLpNpS.s
[10:22:43.179][info] [#0:script/workspace/workspace.lua:282]: Scan files at:	file:///tmp/cc9AK6Na.s
[10:22:43.179][info] [#0:script/workspace/loading.lua:161]: Load files from disk:	file:///tmp/cc9AK6Na.s
[10:22:43.179][info] [#0:script/workspace/loading.lua:173]: Loaded files takes [0.000] sec: file:///tmp/cc9AK6Na.s
[10:22:43.179][info] [#0:script/workspace/loading.lua:182]: Compile files takes [0.000] sec: file:///tmp/cc9AK6Na.s
[10:22:43.179][info] [#0:script/workspace/loading.lua:183]: Loaded finish:	file:///tmp/cc9AK6Na.s
[10:22:44.182][info] [#0:script/workspace/workspace.lua:282]: Scan files at:	file:///tmp/ccGd2A8l.s
[10:22:44.182][info] [#0:script/workspace/loading.lua:161]: Load files from disk:	file:///tmp/ccGd2A8l.s
[10:22:44.182][info] [#0:script/workspace/loading.lua:173]: Loaded files takes [0.000] sec: file:///tmp/ccGd2A8l.s
[10:22:44.182][info] [#0:script/workspace/loading.lua:182]: Compile files takes [0.000] sec: file:///tmp/ccGd2A8l.s
[10:22:44.182][info] [#0:script/workspace/loading.lua:183]: Loaded finish:	file:///tmp/ccGd2A8l.s
[10:26:00.211][info] [#0:script/workspace/workspace.lua:282]: Scan files at:	file:///tmp/apt-dpkg-install-wkdFpd
[10:26:00.212][info] [#0:script/workspace/loading.lua:161]: Load files from disk:	file:///tmp/apt-dpkg-install-wkdFpd
[10:26:00.212][info] [#0:script/workspace/loading.lua:173]: Loaded files takes [0.000] sec: file:///tmp/apt-dpkg-install-wkdFpd
[10:26:00.212][info] [#0:script/workspace/loading.lua:182]: Compile files takes [0.000] sec: file:///tmp/apt-dpkg-install-wkdFpd
[10:26:00.212][info] [#0:script/workspace/loading.lua:183]: Loaded finish:	file:///tmp/apt-dpkg-install-wkdFpd
[10:26:27.218][info] [#0:script/workspace/workspace.lua:282]: Scan files at:	file:///tmp/ccCEx4iJ.s
[10:26:27.218][info] [#0:script/workspace/loading.lua:161]: Load files from disk:	file:///tmp/ccCEx4iJ.s
[10:26:27.218][info] [#0:script/workspace/loading.lua:173]: Loaded files takes [0.000] sec: file:///tmp/ccCEx4iJ.s
[10:26:27.218][info] [#0:script/workspace/loading.lua:182]: Compile files takes [0.000] sec: file:///tmp/ccCEx4iJ.s
[10:26:27.218][info] [#0:script/workspace/loading.lua:183]: Loaded finish:	file:///tmp/ccCEx4iJ.s
[10:26:28.220][info] [#0:script/workspace/workspace.lua:282]: Scan files at:	file:///tmp/ccV2AaHj.s
[10:26:28.220][info] [#0:script/workspace/loading.lua:161]: Load files from disk:	file:///tmp/ccV2AaHj.s
[10:26:28.220][info] [#0:script/workspace/loading.lua:173]: Loaded files takes [0.000] sec: file:///tmp/ccV2AaHj.s
[10:26:28.220][info] [#0:script/workspace/loading.lua:182]: Compile files takes [0.000] sec: file:///tmp/ccV2AaHj.s
[10:26:28.220][info] [#0:script/workspace/loading.lua:183]: Loaded finish:	file:///tmp/ccV2AaHj.s
[10:26:29.222][info] [#0:script/workspace/workspace.lua:282]: Scan files at:	file:///tmp/ccjxEcGZ.s
[10:26:29.222][info] [#0:script/workspace/loading.lua:161]: Load files from disk:	file:///tmp/ccjxEcGZ.s
[10:26:29.222][info] [#0:script/workspace/loading.lua:173]: Loaded files takes [0.000] sec: file:///tmp/ccjxEcGZ.s
[10:26:29.222][info] [#0:script/workspace/loading.lua:182]: Compile files takes [0.000] sec: file:///tmp/ccjxEcGZ.s
[10:26:29.222][info] [#0:script/workspace/loading.lua:183]: Loaded finish:	file:///tmp/ccjxEcGZ.s
[10:26:30.223][info] [#0:script/workspace/workspace.lua:282]: Scan files at:	file:///tmp/cclvfWSB.s
[10:26:30.224][info] [#0:script/workspace/loading.lua:161]: Load files from disk:	file:///tmp/cclvfWSB.s
[10:26:30.224][info] [#0:script/workspace/loading.lua:173]: Loaded files takes [0.000] sec: file:///tmp/cclvfWSB.s
[10:26:30.224][info] [#0:script/workspace/loading.lua:182]: Compile files takes [0.000] sec: file:///tmp/cclvfWSB.s
[10:26:30.224][info] [#0:script/workspace/loading.lua:183]: Loaded finish:	file:///tmp/cclvfWSB.s
[10:26:31.225][info] [#0:script/workspace/workspace.lua:282]: Scan files at:	file:///tmp/ccx79YGD.s
[10:26:31.225][info] [#0:script/workspace/loading.lua:161]: Load files from disk:	file:///tmp/ccx79YGD.s
[10:26:31.225][info] [#0:script/workspace/loading.lua:173]: Loaded files takes [0.000] sec: file:///tmp/ccx79YGD.s
[10:26:31.225][info] [#0:script/workspace/loading.lua:182]: Compile files takes [0.000] sec: file:///tmp/ccx79YGD.s
[10:26:31.225][info] [#0:script/workspace/loading.lua:183]: Loaded finish:	file:///tmp/ccx79YGD.s
[10:26:33.216][info] [#0:script/workspace/workspace.lua:282]: Scan files at:	file:///tmp/ccC1S9F8.s
[10:26:33.216][info] [#0:script/workspace/loading.lua:161]: Load files from disk:	file:///tmp/ccC1S9F8.s
[10:26:33.216][info] [#0:script/workspace/loading.lua:173]: Loaded files takes [0.000] sec: file:///tmp/ccC1S9F8.s
[10:26:33.216][info] [#0:script/workspace/loading.lua:182]: Compile files takes [0.000] sec: file:///tmp/ccC1S9F8.s
[10:26:33.216][info] [#0:script/workspace/loading.lua:183]: Loaded finish:	file:///tmp/ccC1S9F8.s
[10:26:34.220][info] [#0:script/workspace/workspace.lua:282]: Scan files at:	file:///tmp/ccLI2yYw.s
[10:26:34.221][info] [#0:script/workspace/loading.lua:161]: Load files from disk:	file:///tmp/ccLI2yYw.s
[10:26:34.221][info] [#0:script/workspace/loading.lua:173]: Loaded files takes [0.000] sec: file:///tmp/ccLI2yYw.s
[10:26:34.221][info] [#0:script/workspace/loading.lua:182]: Compile files takes [0.000] sec: file:///tmp/ccLI2yYw.s
[10:26:34.221][info] [#0:script/workspace/loading.lua:183]: Loaded finish:	file:///tmp/ccLI2yYw.s
[10:26:35.223][info] [#0:script/workspace/workspace.lua:282]: Scan files at:	file:///tmp/ccOOQKIF.s
[10:26:35.223][info] [#0:script/workspace/loading.lua:161]: Load files from disk:	file:///tmp/ccOOQKIF.s
[10:26:35.223][info] [#0:script/workspace/loading.lua:173]: Loaded files takes [0.000] sec: file:///tmp/ccOOQKIF.s
[10:26:35.223][info] [#0:script/workspace/loading.lua:182]: Compile files takes [0.000] sec: file:///tmp/ccOOQKIF.s
[10:26:35.223][info] [#0:script/workspace/loading.lua:183]: Loaded finish:	file:///tmp/ccOOQKIF.s
[10:26:36.224][info] [#0:script/workspace/workspace.lua:282]: Scan files at:	file:///tmp/ccCfSgog.s
[10:26:36.225][info] [#0:script/workspace/loading.lua:161]: Load files from disk:	file:///tmp/ccCfSgog.s
[10:26:36.225][info] [#0:script/workspace/loading.lua:173]: Loaded files takes [0.000] sec: file:///tmp/ccCfSgog.s
[10:26:36.225][info] [#0:script/workspace/loading.lua:182]: Compile files takes [0.000] sec: file:///tmp/ccCfSgog.s
[10:26:36.225][info] [#0:script/workspace/loading.lua:183]: Loaded finish:	file:///tmp/ccCfSgog.s
[10:26:37.226][info] [#0:script/workspace/workspace.lua:282]: Scan files at:	file:///tmp/ccsVVMhS.s
[10:26:37.227][info] [#0:script/workspace/loading.lua:161]: Load files from disk:	file:///tmp/ccsVVMhS.s
[10:26:37.227][info] [#0:script/workspace/loading.lua:173]: Loaded files takes [0.000] sec: file:///tmp/ccsVVMhS.s
[10:26:37.227][info] [#0:script/workspace/loading.lua:182]: Compile files takes [0.000] sec: file:///tmp/ccsVVMhS.s
[10:26:37.227][info] [#0:script/workspace/loading.lua:183]: Loaded finish:	file:///tmp/ccsVVMhS.s
[10:26:38.228][info] [#0:script/workspace/workspace.lua:282]: Scan files at:	file:///tmp/ccoZ6FwY.s
[10:26:38.228][info] [#0:script/workspace/loading.lua:161]: Load files from disk:	file:///tmp/ccoZ6FwY.s
[10:26:38.228][info] [#0:script/workspace/loading.lua:173]: Loaded files takes [0.000] sec: file:///tmp/ccoZ6FwY.s
[10:26:38.228][info] [#0:script/workspace/loading.lua:182]: Compile files takes [0.000] sec: file:///tmp/ccoZ6FwY.s
[10:26:38.228][info] [#0:script/workspace/loading.lua:183]: Loaded finish:	file:///tmp/ccoZ6FwY.s
[10:26:39.230][info] [#0:script/workspace/workspace.lua:282]: Scan files at:	file:///tmp/ccoRWej8.s
[10:26:39.230][info] [#0:script/workspace/loading.lua:161]: Load files from disk:	file:///tmp/ccoRWej8.s
[10:26:39.230][info] [#0:script/workspace/loading.lua:173]: Loaded files takes [0.000] sec: file:///tmp/ccoRWej8.s
[10:26:39.230][info] [#0:script/workspace/loading.lua:182]: Compile files takes [0.000] sec: file:///tmp/ccoRWej8.s
[10:26:39.230][info] [#0:script/workspace/loading.lua:183]: Loaded finish:	file:///tmp/ccoRWej8.s
[10:26:41.217][info] [#0:script/workspace/workspace.lua:282]: Scan files at:	file:///tmp/ccBwmYYs.s
[10:26:41.217][info] [#0:script/workspace/loading.lua:161]: Load files from disk:	file:///tmp/ccBwmYYs.s
[10:26:41.217][info] [#0:script/workspace/loading.lua:173]: Loaded files takes [0.000] sec: file:///tmp/ccBwmYYs.s
[10:26:41.217][info] [#0:script/workspace/loading.lua:182]: Compile files takes [0.000] sec: file:///tmp/ccBwmYYs.s
[10:26:41.217][info] [#0:script/workspace/loading.lua:183]: Loaded finish:	file:///tmp/ccBwmYYs.s
[10:26:42.218][info] [#0:script/workspace/workspace.lua:282]: Scan files at:	file:///tmp/ccjoWzCE.s
[10:26:42.219][info] [#0:script/workspace/loading.lua:161]: Load files from disk:	file:///tmp/ccjoWzCE.s
[10:26:42.219][info] [#0:script/workspace/loading.lua:173]: Loaded files takes [0.000] sec: file:///tmp/ccjoWzCE.s
[10:26:42.219][info] [#0:script/workspace/loading.lua:182]: Compile files takes [0.000] sec: file:///tmp/ccjoWzCE.s
[10:26:42.219][info] [#0:script/workspace/loading.lua:183]: Loaded finish:	file:///tmp/ccjoWzCE.s
[10:26:43.220][info] [#0:script/workspace/workspace.lua:282]: Scan files at:	file:///tmp/cc5rtMuk.s
[10:26:43.220][info] [#0:script/workspace/loading.lua:161]: Load files from disk:	file:///tmp/cc5rtMuk.s
[10:26:43.220][info] [#0:script/workspace/loading.lua:173]: Loaded files takes [0.000] sec: file:///tmp/cc5rtMuk.s
[10:26:43.220][info] [#0:script/workspace/loading.lua:182]: Compile files takes [0.000] sec: file:///tmp/cc5rtMuk.s
[10:26:43.220][info] [#0:script/workspace/loading.lua:183]: Loaded finish:	file:///tmp/cc5rtMuk.s
[10:26:44.222][info] [#0:script/workspace/workspace.lua:282]: Scan files at:	file:///tmp/cc6Kw2g7.s
[10:26:44.222][info] [#0:script/workspace/loading.lua:161]: Load files from disk:	file:///tmp/cc6Kw2g7.s
[10:26:44.222][info] [#0:script/workspace/loading.lua:173]: Loaded files takes [0.000] sec: file:///tmp/cc6Kw2g7.s
[10:26:44.222][info] [#0:script/workspace/loading.lua:182]: Compile files takes [0.000] sec: file:///tmp/cc6Kw2g7.s
[10:26:44.222][info] [#0:script/workspace/loading.lua:183]: Loaded finish:	file:///tmp/cc6Kw2g7.s
[10:26:45.223][info] [#0:script/workspace/workspace.lua:282]: Scan files at:	file:///tmp/ccQxTCTe.s
[10:26:45.224][info] [#0:script/workspace/loading.lua:161]: Load files from disk:	file:///tmp/ccQxTCTe.s
[10:26:45.224][info] [#0:script/workspace/loading.lua:173]: Loaded files takes [0.000] sec: file:///tmp/ccQxTCTe.s
[10:26:45.224][info] [#0:script/workspace/loading.lua:182]: Compile files takes [0.000] sec: file:///tmp/ccQxTCTe.s
[10:26:45.224][info] [#0:script/workspace/loading.lua:183]: Loaded finish:	file:///tmp/ccQxTCTe.s
[10:27:39.231][info] [#0:script/workspace/workspace.lua:282]: Scan files at:	file:///tmp/moonglfw/src/compat-5.3.o
[10:27:39.232][info] [#0:script/workspace/workspace.lua:282]: Scan files at:	file:///tmp/moonglfw/src/callbacks.o
[10:27:39.232][info] [#0:script/workspace/workspace.lua:282]: Scan files at:	file:///tmp/ccGn1wmU.s
[10:27:39.232][info] [#0:script/workspace/loading.lua:161]: Load files from disk:	file:///tmp/moonglfw/src/compat-5.3.o
[10:27:39.232][info] [#0:script/workspace/loading.lua:173]: Loaded files takes [0.000] sec: file:///tmp/moonglfw/src/compat-5.3.o
[10:27:39.232][info] [#0:script/workspace/loading.lua:182]: Compile files takes [0.000] sec: file:///tmp/moonglfw/src/compat-5.3.o
[10:27:39.232][info] [#0:script/workspace/loading.lua:183]: Loaded finish:	file:///tmp/moonglfw/src/compat-5.3.o
[10:27:39.232][info] [#0:script/workspace/loading.lua:161]: Load files from disk:	file:///tmp/moonglfw/src/callbacks.o
[10:27:39.232][info] [#0:script/workspace/loading.lua:173]: Loaded files takes [0.000] sec: file:///tmp/moonglfw/src/callbacks.o
[10:27:39.232][info] [#0:script/workspace/loading.lua:182]: Compile files takes [0.000] sec: file:///tmp/moonglfw/src/callbacks.o
[10:27:39.232][info] [#0:script/workspace/loading.lua:183]: Loaded finish:	file:///tmp/moonglfw/src/callbacks.o
[10:27:39.232][info] [#0:script/workspace/loading.lua:161]: Load files from disk:	file:///tmp/ccGn1wmU.s
[10:27:39.232][info] [#0:script/workspace/loading.lua:173]: Loaded files takes [0.000] sec: file:///tmp/ccGn1wmU.s
[10:27:39.232][info] [#0:script/workspace/loading.lua:182]: Compile files takes [0.000] sec: file:///tmp/ccGn1wmU.s
[10:27:39.232][info] [#0:script/workspace/loading.lua:183]: Loaded finish:	file:///tmp/ccGn1wmU.s
[10:27:40.235][info] [#0:script/workspace/workspace.lua:282]: Scan files at:	file:///tmp/ccMvVxx6.s
[10:27:40.235][info] [#0:script/workspace/workspace.lua:282]: Scan files at:	file:///tmp/moonglfw/src/id.o
[10:27:40.235][info] [#0:script/workspace/workspace.lua:282]: Scan files at:	file:///tmp/moonglfw/src/cur.o
[10:27:40.236][info] [#0:script/workspace/workspace.lua:282]: Scan files at:	file:///tmp/moonglfw/src/hint.o
[10:27:40.236][info] [#0:script/workspace/workspace.lua:282]: Scan files at:	file:///tmp/moonglfw/src/context.o
[10:27:40.236][info] [#0:script/workspace/workspace.lua:282]: Scan files at:	file:///tmp/moonglfw/src/getproc.o
[10:27:40.236][info] [#0:script/workspace/workspace.lua:282]: Scan files at:	file:///tmp/moonglfw/src/enums.o
[10:27:40.236][info] [#0:script/workspace/loading.lua:161]: Load files from disk:	file:///tmp/ccMvVxx6.s
[10:27:40.236][info] [#0:script/workspace/loading.lua:173]: Loaded files takes [0.000] sec: file:///tmp/ccMvVxx6.s
[10:27:40.236][info] [#0:script/workspace/loading.lua:182]: Compile files takes [0.000] sec: file:///tmp/ccMvVxx6.s
[10:27:40.236][info] [#0:script/workspace/loading.lua:183]: Loaded finish:	file:///tmp/ccMvVxx6.s
[10:27:40.236][info] [#0:script/workspace/loading.lua:161]: Load files from disk:	file:///tmp/moonglfw/src/id.o
[10:27:40.236][info] [#0:script/workspace/loading.lua:173]: Loaded files takes [0.000] sec: file:///tmp/moonglfw/src/id.o
[10:27:40.236][info] [#0:script/workspace/loading.lua:182]: Compile files takes [0.000] sec: file:///tmp/moonglfw/src/id.o
[10:27:40.236][info] [#0:script/workspace/loading.lua:183]: Loaded finish:	file:///tmp/moonglfw/src/id.o
[10:27:40.236][info] [#0:script/workspace/loading.lua:161]: Load files from disk:	file:///tmp/moonglfw/src/cur.o
[10:27:40.236][info] [#0:script/workspace/loading.lua:173]: Loaded files takes [0.000] sec: file:///tmp/moonglfw/src/cur.o
[10:27:40.237][info] [#0:script/workspace/loading.lua:182]: Compile files takes [0.000] sec: file:///tmp/moonglfw/src/cur.o
[10:27:40.237][info] [#0:script/workspace/loading.lua:183]: Loaded finish:	file:///tmp/moonglfw/src/cur.o
[10:27:40.237][info] [#0:script/workspace/loading.lua:161]: Load files from disk:	file:///tmp/moonglfw/src/hint.o
[10:27:40.237][info] [#0:script/workspace/loading.lua:173]: Loaded files takes [0.000] sec: file:///tmp/moonglfw/src/hint.o
[10:27:40.237][info] [#0:script/workspace/loading.lua:182]: Compile files takes [0.000] sec: file:///tmp/moonglfw/src/hint.o
[10:27:40.237][info] [#0:script/workspace/loading.lua:183]: Loaded finish:	file:///tmp/moonglfw/src/hint.o
[10:27:40.237][info] [#0:script/workspace/loading.lua:161]: Load files from disk:	file:///tmp/moonglfw/src/context.o
[10:27:40.237][info] [#0:script/workspace/loading.lua:173]: Loaded files takes [0.000] sec: file:///tmp/moonglfw/src/context.o
[10:27:40.237][info] [#0:script/workspace/loading.lua:182]: Compile files takes [0.000] sec: file:///tmp/moonglfw/src/context.o
[10:27:40.237][info] [#0:script/workspace/loading.lua:183]: Loaded finish:	file:///tmp/moonglfw/src/context.o
[10:27:40.237][info] [#0:script/workspace/loading.lua:161]: Load files from disk:	file:///tmp/moonglfw/src/getproc.o
[10:27:40.237][info] [#0:script/workspace/loading.lua:173]: Loaded files takes [0.000] sec: file:///tmp/moonglfw/src/getproc.o
[10:27:40.237][info] [#0:script/workspace/loading.lua:182]: Compile files takes [0.000] sec: file:///tmp/moonglfw/src/getproc.o
[10:27:40.237][info] [#0:script/workspace/loading.lua:183]: Loaded finish:	file:///tmp/moonglfw/src/getproc.o
[10:27:40.237][info] [#0:script/workspace/loading.lua:161]: Load files from disk:	file:///tmp/moonglfw/src/enums.o
[10:27:40.237][info] [#0:script/workspace/loading.lua:173]: Loaded files takes [0.000] sec: file:///tmp/moonglfw/src/enums.o
[10:27:40.237][info] [#0:script/workspace/loading.lua:182]: Compile files takes [0.000] sec: file:///tmp/moonglfw/src/enums.o
[10:27:40.237][info] [#0:script/workspace/loading.lua:183]: Loaded finish:	file:///tmp/moonglfw/src/enums.o
[10:27:41.239][info] [#0:script/workspace/workspace.lua:282]: Scan files at:	file:///tmp/moonglfw/src/vulkan.o
[10:27:41.239][info] [#0:script/workspace/workspace.lua:282]: Scan files at:	file:///tmp/moonglfw/src/utils.o
[10:27:41.239][info] [#0:script/workspace/workspace.lua:282]: Scan files at:	file:///tmp/moonglfw/src/win.o
[10:27:41.240][info] [#0:script/workspace/workspace.lua:282]: Scan files at:	file:///tmp/moonglfw/src/monitor.o
[10:27:41.240][info] [#0:script/workspace/workspace.lua:282]: Scan files at:	file:///tmp/moonglfw/src/main.o
[10:27:41.240][info] [#0:script/workspace/workspace.lua:282]: Scan files at:	file:///tmp/moonglfw/src/mon.o
[10:27:41.240][info] [#0:script/workspace/workspace.lua:282]: Scan files at:	file:///tmp/moonglfw/src/native.o
[10:27:41.240][info] [#0:script/workspace/workspace.lua:282]: Scan files at:	file:///tmp/moonglfw/src/input.o
[10:27:41.240][info] [#0:script/workspace/workspace.lua:282]: Scan files at:	file:///tmp/cc8obPhE.s
[10:27:41.240][info] [#0:script/workspace/loading.lua:161]: Load files from disk:	file:///tmp/moonglfw/src/vulkan.o
[10:27:41.240][info] [#0:script/workspace/loading.lua:173]: Loaded files takes [0.000] sec: file:///tmp/moonglfw/src/vulkan.o
[10:27:41.240][info] [#0:script/workspace/loading.lua:182]: Compile files takes [0.000] sec: file:///tmp/moonglfw/src/vulkan.o
[10:27:41.240][info] [#0:script/workspace/loading.lua:183]: Loaded finish:	file:///tmp/moonglfw/src/vulkan.o
[10:27:41.240][info] [#0:script/workspace/loading.lua:161]: Load files from disk:	file:///tmp/moonglfw/src/utils.o
[10:27:41.240][info] [#0:script/workspace/loading.lua:173]: Loaded files takes [0.000] sec: file:///tmp/moonglfw/src/utils.o
[10:27:41.240][info] [#0:script/workspace/loading.lua:182]: Compile files takes [0.000] sec: file:///tmp/moonglfw/src/utils.o
[10:27:41.240][info] [#0:script/workspace/loading.lua:183]: Loaded finish:	file:///tmp/moonglfw/src/utils.o
[10:27:41.240][info] [#0:script/workspace/loading.lua:161]: Load files from disk:	file:///tmp/moonglfw/src/win.o
[10:27:41.240][info] [#0:script/workspace/loading.lua:173]: Loaded files takes [0.000] sec: file:///tmp/moonglfw/src/win.o
[10:27:41.240][info] [#0:script/workspace/loading.lua:182]: Compile files takes [0.000] sec: file:///tmp/moonglfw/src/win.o
[10:27:41.240][info] [#0:script/workspace/loading.lua:183]: Loaded finish:	file:///tmp/moonglfw/src/win.o
[10:27:41.240][info] [#0:script/workspace/loading.lua:161]: Load files from disk:	file:///tmp/moonglfw/src/monitor.o
[10:27:41.240][info] [#0:script/workspace/loading.lua:173]: Loaded files takes [0.000] sec: file:///tmp/moonglfw/src/monitor.o
[10:27:41.240][info] [#0:script/workspace/loading.lua:182]: Compile files takes [0.000] sec: file:///tmp/moonglfw/src/monitor.o
[10:27:41.240][info] [#0:script/workspace/loading.lua:183]: Loaded finish:	file:///tmp/moonglfw/src/monitor.o
[10:27:41.240][info] [#0:script/workspace/loading.lua:161]: Load files from disk:	file:///tmp/moonglfw/src/main.o
[10:27:41.240][info] [#0:script/workspace/loading.lua:173]: Loaded files takes [0.000] sec: file:///tmp/moonglfw/src/main.o
[10:27:41.240][info] [#0:script/workspace/loading.lua:182]: Compile files takes [0.000] sec: file:///tmp/moonglfw/src/main.o
[10:27:41.240][info] [#0:script/workspace/loading.lua:183]: Loaded finish:	file:///tmp/moonglfw/src/main.o
[10:27:41.240][info] [#0:script/workspace/loading.lua:161]: Load files from disk:	file:///tmp/moonglfw/src/mon.o
[10:27:41.240][info] [#0:script/workspace/loading.lua:173]: Loaded files takes [0.000] sec: file:///tmp/moonglfw/src/mon.o
[10:27:41.240][info] [#0:script/workspace/loading.lua:182]: Compile files takes [0.000] sec: file:///tmp/moonglfw/src/mon.o
[10:27:41.240][info] [#0:script/workspace/loading.lua:183]: Loaded finish:	file:///tmp/moonglfw/src/mon.o
[10:27:41.241][info] [#0:script/workspace/loading.lua:161]: Load files from disk:	file:///tmp/moonglfw/src/native.o
[10:27:41.241][info] [#0:script/workspace/loading.lua:173]: Loaded files takes [0.000] sec: file:///tmp/moonglfw/src/native.o
[10:27:41.241][info] [#0:script/workspace/loading.lua:182]: Compile files takes [0.000] sec: file:///tmp/moonglfw/src/native.o
[10:27:41.241][info] [#0:script/workspace/loading.lua:183]: Loaded finish:	file:///tmp/moonglfw/src/native.o
[10:27:41.241][info] [#0:script/workspace/loading.lua:161]: Load files from disk:	file:///tmp/moonglfw/src/input.o
[10:27:41.241][info] [#0:script/workspace/loading.lua:173]: Loaded files takes [0.000] sec: file:///tmp/moonglfw/src/input.o
[10:27:41.241][info] [#0:script/workspace/loading.lua:182]: Compile files takes [0.000] sec: file:///tmp/moonglfw/src/input.o
[10:27:41.241][info] [#0:script/workspace/loading.lua:183]: Loaded finish:	file:///tmp/moonglfw/src/input.o
[10:27:41.241][info] [#0:script/workspace/loading.lua:161]: Load files from disk:	file:///tmp/cc8obPhE.s
[10:27:41.241][info] [#0:script/workspace/loading.lua:173]: Loaded files takes [0.000] sec: file:///tmp/cc8obPhE.s
[10:27:41.241][info] [#0:script/workspace/loading.lua:182]: Compile files takes [0.000] sec: file:///tmp/cc8obPhE.s
[10:27:41.241][info] [#0:script/workspace/loading.lua:183]: Loaded finish:	file:///tmp/cc8obPhE.s
[10:27:42.257][info] [#0:script/workspace/workspace.lua:282]: Scan files at:	file:///tmp/moonglfw/src/moonglfw.so
[10:27:42.258][info] [#0:script/workspace/loading.lua:161]: Load files from disk:	file:///tmp/moonglfw/src/moonglfw.so
[10:27:42.360][info] [#0:script/workspace/loading.lua:140]: Preload dll at: file:///tmp/moonglfw/src/moonglfw.so , size = 128.555 KB
[10:27:42.482][info] [#0:script/workspace/loading.lua:173]: Loaded files takes [0.025] sec: file:///tmp/moonglfw/src/moonglfw.so
[10:27:42.482][info] [#0:script/workspace/loading.lua:182]: Compile files takes [0.000] sec: file:///tmp/moonglfw/src/moonglfw.so
[10:27:42.482][info] [#0:script/workspace/loading.lua:183]: Loaded finish:	file:///tmp/moonglfw/src/moonglfw.so
[10:28:24.245][info] [#0:script/service/service.lua:144]: 
========= Medical Examination Report =========
    --------------- Memory ---------------
        Total: 11.527 MB
        # 00 : 11.100 MB
        # 01 : 0.130 MB
        # 02 : 0.207 MB
        # 03 : 0.045 MB
        # 04 : 0.045 MB
    --------------- Coroutine ---------------
        Total:     808
        Running:   0
        Suspended: 0
        Normal:    0
        Dead:      808
    --------------- Cache ---------------
        Total: 1
        Dead:  0
    ---------------  RPC  ---------------
        Holdon:   0
        Waiting:  0
==============================================
[10:30:17.281][info] [#0:script/workspace/workspace.lua:282]: Scan files at:	file:///tmp/systemd-private-dcd613d6435c49e9bc7e656c7848baf7-systemd-hostnamed.service-S7WmTA
[10:30:17.281][info] [#0:script/workspace/loading.lua:161]: Load files from disk:	file:///tmp/systemd-private-dcd613d6435c49e9bc7e656c7848baf7-systemd-hostnamed.service-S7WmTA
[10:30:17.281][info] [#0:script/workspace/loading.lua:173]: Loaded files takes [0.000] sec: file:///tmp/systemd-private-dcd613d6435c49e9bc7e656c7848baf7-systemd-hostnamed.service-S7WmTA
[10:30:17.281][info] [#0:script/workspace/loading.lua:182]: Compile files takes [0.000] sec: file:///tmp/systemd-private-dcd613d6435c49e9bc7e656c7848baf7-systemd-hostnamed.service-S7WmTA
[10:30:17.282][info] [#0:script/workspace/loading.lua:183]: Loaded finish:	file:///tmp/systemd-private-dcd613d6435c49e9bc7e656c7848baf7-systemd-hostnamed.service-S7WmTA
[10:32:32.317][info] [#0:script/workspace/workspace.lua:282]: Scan files at:	file:///tmp/systemd-private-dcd613d6435c49e9bc7e656c7848baf7-systemd-hostnamed.service-B5h6B9
[10:32:32.318][info] [#0:script/workspace/loading.lua:161]: Load files from disk:	file:///tmp/systemd-private-dcd613d6435c49e9bc7e656c7848baf7-systemd-hostnamed.service-B5h6B9
[10:32:32.318][info] [#0:script/workspace/loading.lua:173]: Loaded files takes [0.000] sec: file:///tmp/systemd-private-dcd613d6435c49e9bc7e656c7848baf7-systemd-hostnamed.service-B5h6B9
[10:32:32.318][info] [#0:script/workspace/loading.lua:182]: Compile files takes [0.000] sec: file:///tmp/systemd-private-dcd613d6435c49e9bc7e656c7848baf7-systemd-hostnamed.service-B5h6B9
[10:32:32.318][info] [#0:script/workspace/loading.lua:183]: Loaded finish:	file:///tmp/systemd-private-dcd613d6435c49e9bc7e656c7848baf7-systemd-hostnamed.service-B5h6B9
[10:32:35.311][info] [#0:script/workspace/workspace.lua:282]: Scan files at:	file:///tmp/tracker-extract-3-files.1000/383468431d94fa3cabb0984c5e6c628a
[10:32:35.311][info] [#0:script/workspace/loading.lua:161]: Load files from disk:	file:///tmp/tracker-extract-3-files.1000/383468431d94fa3cabb0984c5e6c628a
[10:32:35.311][info] [#0:script/workspace/loading.lua:173]: Loaded files takes [0.000] sec: file:///tmp/tracker-extract-3-files.1000/383468431d94fa3cabb0984c5e6c628a
[10:32:35.311][info] [#0:script/workspace/loading.lua:182]: Compile files takes [0.000] sec: file:///tmp/tracker-extract-3-files.1000/383468431d94fa3cabb0984c5e6c628a
[10:32:35.311][info] [#0:script/workspace/loading.lua:183]: Loaded finish:	file:///tmp/tracker-extract-3-files.1000/383468431d94fa3cabb0984c5e6c628a
[10:38:24.342][info] [#0:script/service/service.lua:144]: 
========= Medical Examination Report =========
    --------------- Memory ---------------
        Total: 12.461 MB
        # 00 : 12.034 MB
        # 01 : 0.130 MB
        # 02 : 0.207 MB
        # 03 : 0.045 MB
        # 04 : 0.045 MB
    --------------- Coroutine ---------------
        Total:     868
        Running:   0
        Suspended: 0
        Normal:    0
        Dead:      868
    --------------- Cache ---------------
        Total: 1
        Dead:  0
    ---------------  RPC  ---------------
        Holdon:   0
        Waiting:  0
==============================================
[10:48:24.418][info] [#0:script/service/service.lua:144]: 
========= Medical Examination Report =========
    --------------- Memory ---------------
        Total: 13.081 MB
        # 00 : 12.655 MB
        # 01 : 0.130 MB
        # 02 : 0.207 MB
        # 03 : 0.045 MB
        # 04 : 0.045 MB
    --------------- Coroutine ---------------
        Total:     868
        Running:   0
        Suspended: 0
        Normal:    0
        Dead:      868
    --------------- Cache ---------------
        Total: 1
        Dead:  0
    ---------------  RPC  ---------------
        Holdon:   0
        Waiting:  0
==============================================
[10:58:24.509][info] [#0:script/service/service.lua:144]: 
========= Medical Examination Report =========
    --------------- Memory ---------------
        Total: 13.700 MB
        # 00 : 13.273 MB
        # 01 : 0.130 MB
        # 02 : 0.207 MB
        # 03 : 0.045 MB
        # 04 : 0.045 MB
    --------------- Coroutine ---------------
        Total:     868
        Running:   0
        Suspended: 0
        Normal:    0
        Dead:      868
    --------------- Cache ---------------
        Total: 1
        Dead:  0
    ---------------  RPC  ---------------
        Holdon:   0
        Waiting:  0
==============================================
[11:01:09.093][info] [#0:script/workspace/workspace.lua:282]: Scan files at:	file:///tmp/systemd-private-dcd613d6435c49e9bc7e656c7848baf7-fwupd.service-RRLgM1
[11:01:09.093][info] [#0:script/workspace/loading.lua:161]: Load files from disk:	file:///tmp/systemd-private-dcd613d6435c49e9bc7e656c7848baf7-fwupd.service-RRLgM1
[11:01:09.093][info] [#0:script/workspace/loading.lua:173]: Loaded files takes [0.000] sec: file:///tmp/systemd-private-dcd613d6435c49e9bc7e656c7848baf7-fwupd.service-RRLgM1
[11:01:09.093][info] [#0:script/workspace/loading.lua:182]: Compile files takes [0.000] sec: file:///tmp/systemd-private-dcd613d6435c49e9bc7e656c7848baf7-fwupd.service-RRLgM1
[11:01:09.093][info] [#0:script/workspace/loading.lua:183]: Loaded finish:	file:///tmp/systemd-private-dcd613d6435c49e9bc7e656c7848baf7-fwupd.service-RRLgM1
[11:08:24.534][info] [#0:script/service/service.lua:144]: 
========= Medical Examination Report =========
    --------------- Memory ---------------
        Total: 7.842 MB
        # 00 : 7.415 MB
        # 01 : 0.130 MB
        # 02 : 0.207 MB
        # 03 : 0.045 MB
        # 04 : 0.045 MB
    --------------- Coroutine ---------------
        Total:     4
        Running:   0
        Suspended: 0
        Normal:    0
        Dead:      4
    --------------- Cache ---------------
        Total: 1
        Dead:  0
    ---------------  RPC  ---------------
        Holdon:   0
        Waiting:  0
==============================================
[11:18:24.547][info] [#0:script/service/service.lua:144]: 
========= Medical Examination Report =========
    --------------- Memory ---------------
        Total: 7.794 MB
        # 00 : 7.367 MB
        # 01 : 0.130 MB
        # 02 : 0.207 MB
        # 03 : 0.045 MB
        # 04 : 0.045 MB
    --------------- Coroutine ---------------
        Total:     4
        Running:   0
        Suspended: 0
        Normal:    0
        Dead:      4
    --------------- Cache ---------------
        Total: 1
        Dead:  0
    ---------------  RPC  ---------------
        Holdon:   0
        Waiting:  0
==============================================
[11:28:24.601][info] [#0:script/service/service.lua:144]: 
========= Medical Examination Report =========
    --------------- Memory ---------------
        Total: 7.735 MB
        # 00 : 7.308 MB
        # 01 : 0.130 MB
        # 02 : 0.207 MB
        # 03 : 0.045 MB
        # 04 : 0.045 MB
    --------------- Coroutine ---------------
        Total:     0
        Running:   0
        Suspended: 0
        Normal:    0
        Dead:      0
    --------------- Cache ---------------
        Total: 1
        Dead:  0
    ---------------  RPC  ---------------
        Holdon:   0
        Waiting:  0
==============================================
[11:33:13.811][info] [#0:script/workspace/workspace.lua:282]: Scan files at:	file:///tmp/systemd-private-dcd613d6435c49e9bc7e656c7848baf7-systemd-hostnamed.service-PocasP
[11:33:13.811][info] [#0:script/workspace/loading.lua:161]: Load files from disk:	file:///tmp/systemd-private-dcd613d6435c49e9bc7e656c7848baf7-systemd-hostnamed.service-PocasP
[11:33:13.811][info] [#0:script/workspace/loading.lua:173]: Loaded files takes [0.000] sec: file:///tmp/systemd-private-dcd613d6435c49e9bc7e656c7848baf7-systemd-hostnamed.service-PocasP
[11:33:13.811][info] [#0:script/workspace/loading.lua:182]: Compile files takes [0.000] sec: file:///tmp/systemd-private-dcd613d6435c49e9bc7e656c7848baf7-systemd-hostnamed.service-PocasP
[11:33:13.811][info] [#0:script/workspace/loading.lua:183]: Loaded finish:	file:///tmp/systemd-private-dcd613d6435c49e9bc7e656c7848baf7-systemd-hostnamed.service-PocasP
[11:33:49.820][info] [#0:script/workspace/workspace.lua:282]: Scan files at:	file:///tmp/systemd-private-dcd613d6435c49e9bc7e656c7848baf7-systemd-hostnamed.service-tuIslC
[11:33:49.820][info] [#0:script/workspace/loading.lua:161]: Load files from disk:	file:///tmp/systemd-private-dcd613d6435c49e9bc7e656c7848baf7-systemd-hostnamed.service-tuIslC
[11:33:49.820][info] [#0:script/workspace/loading.lua:173]: Loaded files takes [0.000] sec: file:///tmp/systemd-private-dcd613d6435c49e9bc7e656c7848baf7-systemd-hostnamed.service-tuIslC
[11:33:49.820][info] [#0:script/workspace/loading.lua:182]: Compile files takes [0.000] sec: file:///tmp/systemd-private-dcd613d6435c49e9bc7e656c7848baf7-systemd-hostnamed.service-tuIslC
[11:33:49.820][info] [#0:script/workspace/loading.lua:183]: Loaded finish:	file:///tmp/systemd-private-dcd613d6435c49e9bc7e656c7848baf7-systemd-hostnamed.service-tuIslC
[11:33:51.818][info] [#0:script/workspace/workspace.lua:282]: Scan files at:	file:///tmp/tracker-extract-3-files.1000/d6f6d9247bf31d22a015c82500fdfeb9
[11:33:51.818][info] [#0:script/workspace/loading.lua:161]: Load files from disk:	file:///tmp/tracker-extract-3-files.1000/d6f6d9247bf31d22a015c82500fdfeb9
[11:33:51.818][info] [#0:script/workspace/loading.lua:173]: Loaded files takes [0.000] sec: file:///tmp/tracker-extract-3-files.1000/d6f6d9247bf31d22a015c82500fdfeb9
[11:33:51.818][info] [#0:script/workspace/loading.lua:182]: Compile files takes [0.000] sec: file:///tmp/tracker-extract-3-files.1000/d6f6d9247bf31d22a015c82500fdfeb9
[11:33:51.818][info] [#0:script/workspace/loading.lua:183]: Loaded finish:	file:///tmp/tracker-extract-3-files.1000/d6f6d9247bf31d22a015c82500fdfeb9
[11:35:08.833][info] [#0:script/workspace/workspace.lua:282]: Scan files at:	file:///tmp/systemd-private-dcd613d6435c49e9bc7e656c7848baf7-systemd-hostnamed.service-ErejMx
[11:35:08.833][info] [#0:script/workspace/loading.lua:161]: Load files from disk:	file:///tmp/systemd-private-dcd613d6435c49e9bc7e656c7848baf7-systemd-hostnamed.service-ErejMx
[11:35:08.833][info] [#0:script/workspace/loading.lua:173]: Loaded files takes [0.000] sec: file:///tmp/systemd-private-dcd613d6435c49e9bc7e656c7848baf7-systemd-hostnamed.service-ErejMx
[11:35:08.833][info] [#0:script/workspace/loading.lua:182]: Compile files takes [0.000] sec: file:///tmp/systemd-private-dcd613d6435c49e9bc7e656c7848baf7-systemd-hostnamed.service-ErejMx
[11:35:08.833][info] [#0:script/workspace/loading.lua:183]: Loaded finish:	file:///tmp/systemd-private-dcd613d6435c49e9bc7e656c7848baf7-systemd-hostnamed.service-ErejMx
[11:35:10.832][info] [#0:script/workspace/workspace.lua:282]: Scan files at:	file:///tmp/tracker-extract-3-files.1000/9797ed0ae761165242d856462b6652b7
[11:35:10.832][info] [#0:script/workspace/loading.lua:161]: Load files from disk:	file:///tmp/tracker-extract-3-files.1000/9797ed0ae761165242d856462b6652b7
[11:35:10.832][info] [#0:script/workspace/loading.lua:173]: Loaded files takes [0.000] sec: file:///tmp/tracker-extract-3-files.1000/9797ed0ae761165242d856462b6652b7
[11:35:10.832][info] [#0:script/workspace/loading.lua:182]: Compile files takes [0.000] sec: file:///tmp/tracker-extract-3-files.1000/9797ed0ae761165242d856462b6652b7
[11:35:10.832][info] [#0:script/workspace/loading.lua:183]: Loaded finish:	file:///tmp/tracker-extract-3-files.1000/9797ed0ae761165242d856462b6652b7
[11:37:05.856][info] [#0:script/workspace/workspace.lua:282]: Scan files at:	file:///tmp/systemd-private-dcd613d6435c49e9bc7e656c7848baf7-systemd-hostnamed.service-0PbY1a
[11:37:05.858][info] [#0:script/workspace/loading.lua:161]: Load files from disk:	file:///tmp/systemd-private-dcd613d6435c49e9bc7e656c7848baf7-systemd-hostnamed.service-0PbY1a
[11:37:05.858][info] [#0:script/workspace/loading.lua:173]: Loaded files takes [0.000] sec: file:///tmp/systemd-private-dcd613d6435c49e9bc7e656c7848baf7-systemd-hostnamed.service-0PbY1a
[11:37:05.858][info] [#0:script/workspace/loading.lua:182]: Compile files takes [0.000] sec: file:///tmp/systemd-private-dcd613d6435c49e9bc7e656c7848baf7-systemd-hostnamed.service-0PbY1a
[11:37:05.858][info] [#0:script/workspace/loading.lua:183]: Loaded finish:	file:///tmp/systemd-private-dcd613d6435c49e9bc7e656c7848baf7-systemd-hostnamed.service-0PbY1a
[11:37:49.864][info] [#0:script/workspace/workspace.lua:282]: Scan files at:	file:///tmp/systemd-private-dcd613d6435c49e9bc7e656c7848baf7-systemd-hostnamed.service-jupDPh
[11:37:49.864][info] [#0:script/workspace/loading.lua:161]: Load files from disk:	file:///tmp/systemd-private-dcd613d6435c49e9bc7e656c7848baf7-systemd-hostnamed.service-jupDPh
[11:37:49.864][info] [#0:script/workspace/loading.lua:173]: Loaded files takes [0.000] sec: file:///tmp/systemd-private-dcd613d6435c49e9bc7e656c7848baf7-systemd-hostnamed.service-jupDPh
[11:37:49.864][info] [#0:script/workspace/loading.lua:182]: Compile files takes [0.000] sec: file:///tmp/systemd-private-dcd613d6435c49e9bc7e656c7848baf7-systemd-hostnamed.service-jupDPh
[11:37:49.864][info] [#0:script/workspace/loading.lua:183]: Loaded finish:	file:///tmp/systemd-private-dcd613d6435c49e9bc7e656c7848baf7-systemd-hostnamed.service-jupDPh
[11:37:51.864][info] [#0:script/workspace/workspace.lua:282]: Scan files at:	file:///tmp/tracker-extract-3-files.1000/49b72d355e8a2c1b7b35c96e2de8c42e
[11:37:51.864][info] [#0:script/workspace/loading.lua:161]: Load files from disk:	file:///tmp/tracker-extract-3-files.1000/49b72d355e8a2c1b7b35c96e2de8c42e
[11:37:51.864][info] [#0:script/workspace/loading.lua:173]: Loaded files takes [0.000] sec: file:///tmp/tracker-extract-3-files.1000/49b72d355e8a2c1b7b35c96e2de8c42e
[11:37:51.864][info] [#0:script/workspace/loading.lua:182]: Compile files takes [0.000] sec: file:///tmp/tracker-extract-3-files.1000/49b72d355e8a2c1b7b35c96e2de8c42e
[11:37:51.864][info] [#0:script/workspace/loading.lua:183]: Loaded finish:	file:///tmp/tracker-extract-3-files.1000/49b72d355e8a2c1b7b35c96e2de8c42e
[11:38:24.668][info] [#0:script/service/service.lua:144]: 
========= Medical Examination Report =========
    --------------- Memory ---------------
        Total: 7.446 MB
        # 00 : 7.019 MB
        # 01 : 0.130 MB
        # 02 : 0.207 MB
        # 03 : 0.045 MB
        # 04 : 0.045 MB
    --------------- Coroutine ---------------
        Total:     36
        Running:   0
        Suspended: 0
        Normal:    0
        Dead:      36
    --------------- Cache ---------------
        Total: 1
        Dead:  0
    ---------------  RPC  ---------------
        Holdon:   0
        Waiting:  0
==============================================
[11:39:08.877][info] [#0:script/workspace/workspace.lua:282]: Scan files at:	file:///tmp/systemd-private-dcd613d6435c49e9bc7e656c7848baf7-systemd-hostnamed.service-7GFOVO
[11:39:08.877][info] [#0:script/workspace/loading.lua:161]: Load files from disk:	file:///tmp/systemd-private-dcd613d6435c49e9bc7e656c7848baf7-systemd-hostnamed.service-7GFOVO
[11:39:08.877][info] [#0:script/workspace/loading.lua:173]: Loaded files takes [0.000] sec: file:///tmp/systemd-private-dcd613d6435c49e9bc7e656c7848baf7-systemd-hostnamed.service-7GFOVO
[11:39:08.877][info] [#0:script/workspace/loading.lua:182]: Compile files takes [0.000] sec: file:///tmp/systemd-private-dcd613d6435c49e9bc7e656c7848baf7-systemd-hostnamed.service-7GFOVO
[11:39:08.877][info] [#0:script/workspace/loading.lua:183]: Loaded finish:	file:///tmp/systemd-private-dcd613d6435c49e9bc7e656c7848baf7-systemd-hostnamed.service-7GFOVO
[11:39:11.874][info] [#0:script/workspace/workspace.lua:282]: Scan files at:	file:///tmp/tracker-extract-3-files.1000/00591cf8c0fe2a3eacca49bf0ed6e226
[11:39:11.875][info] [#0:script/workspace/loading.lua:161]: Load files from disk:	file:///tmp/tracker-extract-3-files.1000/00591cf8c0fe2a3eacca49bf0ed6e226
[11:39:11.875][info] [#0:script/workspace/loading.lua:173]: Loaded files takes [0.000] sec: file:///tmp/tracker-extract-3-files.1000/00591cf8c0fe2a3eacca49bf0ed6e226
[11:39:11.875][info] [#0:script/workspace/loading.lua:182]: Compile files takes [0.000] sec: file:///tmp/tracker-extract-3-files.1000/00591cf8c0fe2a3eacca49bf0ed6e226
[11:39:11.875][info] [#0:script/workspace/loading.lua:183]: Loaded finish:	file:///tmp/tracker-extract-3-files.1000/00591cf8c0fe2a3eacca49bf0ed6e226
[11:47:07.967][info] [#0:script/workspace/workspace.lua:282]: Scan files at:	file:///tmp/systemd-private-dcd613d6435c49e9bc7e656c7848baf7-systemd-hostnamed.service-SrMvSb
[11:47:07.967][info] [#0:script/workspace/loading.lua:161]: Load files from disk:	file:///tmp/systemd-private-dcd613d6435c49e9bc7e656c7848baf7-systemd-hostnamed.service-SrMvSb
[11:47:07.967][info] [#0:script/workspace/loading.lua:173]: Loaded files takes [0.000] sec: file:///tmp/systemd-private-dcd613d6435c49e9bc7e656c7848baf7-systemd-hostnamed.service-SrMvSb
[11:47:07.967][info] [#0:script/workspace/loading.lua:182]: Compile files takes [0.000] sec: file:///tmp/systemd-private-dcd613d6435c49e9bc7e656c7848baf7-systemd-hostnamed.service-SrMvSb
[11:47:07.967][info] [#0:script/workspace/loading.lua:183]: Loaded finish:	file:///tmp/systemd-private-dcd613d6435c49e9bc7e656c7848baf7-systemd-hostnamed.service-SrMvSb
[11:47:09.967][info] [#0:script/workspace/workspace.lua:282]: Scan files at:	file:///tmp/tracker-extract-3-files.1000/779879403788e88cc1277f9523ceeda4
[11:47:09.967][info] [#0:script/workspace/loading.lua:161]: Load files from disk:	file:///tmp/tracker-extract-3-files.1000/779879403788e88cc1277f9523ceeda4
[11:47:09.967][info] [#0:script/workspace/loading.lua:173]: Loaded files takes [0.000] sec: file:///tmp/tracker-extract-3-files.1000/779879403788e88cc1277f9523ceeda4
[11:47:09.967][info] [#0:script/workspace/loading.lua:182]: Compile files takes [0.000] sec: file:///tmp/tracker-extract-3-files.1000/779879403788e88cc1277f9523ceeda4
[11:47:09.967][info] [#0:script/workspace/loading.lua:183]: Loaded finish:	file:///tmp/tracker-extract-3-files.1000/779879403788e88cc1277f9523ceeda4
[11:48:24.681][info] [#0:script/service/service.lua:144]: 
========= Medical Examination Report =========
    --------------- Memory ---------------
        Total: 7.790 MB
        # 00 : 7.364 MB
        # 01 : 0.130 MB
        # 02 : 0.207 MB
        # 03 : 0.045 MB
        # 04 : 0.045 MB
    --------------- Coroutine ---------------
        Total:     65
        Running:   0
        Suspended: 0
        Normal:    0
        Dead:      65
    --------------- Cache ---------------
        Total: 1
        Dead:  0
    ---------------  RPC  ---------------
        Holdon:   0
        Waiting:  0
==============================================
[11:51:21.023][info] [#0:script/workspace/workspace.lua:282]: Scan files at:	file:///tmp/systemd-private-dcd613d6435c49e9bc7e656c7848baf7-systemd-hostnamed.service-GnyGhh
[11:51:21.023][info] [#0:script/workspace/loading.lua:161]: Load files from disk:	file:///tmp/systemd-private-dcd613d6435c49e9bc7e656c7848baf7-systemd-hostnamed.service-GnyGhh
[11:51:21.023][info] [#0:script/workspace/loading.lua:173]: Loaded files takes [0.000] sec: file:///tmp/systemd-private-dcd613d6435c49e9bc7e656c7848baf7-systemd-hostnamed.service-GnyGhh
[11:51:21.023][info] [#0:script/workspace/loading.lua:182]: Compile files takes [0.000] sec: file:///tmp/systemd-private-dcd613d6435c49e9bc7e656c7848baf7-systemd-hostnamed.service-GnyGhh
[11:51:21.023][info] [#0:script/workspace/loading.lua:183]: Loaded finish:	file:///tmp/systemd-private-dcd613d6435c49e9bc7e656c7848baf7-systemd-hostnamed.service-GnyGhh
[11:51:23.022][info] [#0:script/workspace/workspace.lua:282]: Scan files at:	file:///tmp/tracker-extract-3-files.1000/2e5d286bd96b729a83b5015b23ac63ac
[11:51:23.023][info] [#0:script/workspace/loading.lua:161]: Load files from disk:	file:///tmp/tracker-extract-3-files.1000/2e5d286bd96b729a83b5015b23ac63ac
[11:51:23.023][info] [#0:script/workspace/loading.lua:173]: Loaded files takes [0.000] sec: file:///tmp/tracker-extract-3-files.1000/2e5d286bd96b729a83b5015b23ac63ac
[11:51:23.023][info] [#0:script/workspace/loading.lua:182]: Compile files takes [0.000] sec: file:///tmp/tracker-extract-3-files.1000/2e5d286bd96b729a83b5015b23ac63ac
[11:51:23.023][info] [#0:script/workspace/loading.lua:183]: Loaded finish:	file:///tmp/tracker-extract-3-files.1000/2e5d286bd96b729a83b5015b23ac63ac
[11:53:16.043][info] [#0:script/workspace/workspace.lua:282]: Scan files at:	file:///tmp/systemd-private-dcd613d6435c49e9bc7e656c7848baf7-systemd-hostnamed.service-sBocA7
[11:53:16.043][info] [#0:script/workspace/loading.lua:161]: Load files from disk:	file:///tmp/systemd-private-dcd613d6435c49e9bc7e656c7848baf7-systemd-hostnamed.service-sBocA7
[11:53:16.043][info] [#0:script/workspace/loading.lua:173]: Loaded files takes [0.000] sec: file:///tmp/systemd-private-dcd613d6435c49e9bc7e656c7848baf7-systemd-hostnamed.service-sBocA7
[11:53:16.043][info] [#0:script/workspace/loading.lua:182]: Compile files takes [0.000] sec: file:///tmp/systemd-private-dcd613d6435c49e9bc7e656c7848baf7-systemd-hostnamed.service-sBocA7
[11:53:16.043][info] [#0:script/workspace/loading.lua:183]: Loaded finish:	file:///tmp/systemd-private-dcd613d6435c49e9bc7e656c7848baf7-systemd-hostnamed.service-sBocA7
[11:53:18.043][info] [#0:script/workspace/workspace.lua:282]: Scan files at:	file:///tmp/tracker-extract-3-files.1000/e5e86d864e459b07190109b34f6510ca
[11:53:18.043][info] [#0:script/workspace/loading.lua:161]: Load files from disk:	file:///tmp/tracker-extract-3-files.1000/e5e86d864e459b07190109b34f6510ca
[11:53:18.043][info] [#0:script/workspace/loading.lua:173]: Loaded files takes [0.000] sec: file:///tmp/tracker-extract-3-files.1000/e5e86d864e459b07190109b34f6510ca
[11:53:18.043][info] [#0:script/workspace/loading.lua:182]: Compile files takes [0.000] sec: file:///tmp/tracker-extract-3-files.1000/e5e86d864e459b07190109b34f6510ca
[11:53:18.043][info] [#0:script/workspace/loading.lua:183]: Loaded finish:	file:///tmp/tracker-extract-3-files.1000/e5e86d864e459b07190109b34f6510ca
[11:54:24.056][info] [#0:script/workspace/workspace.lua:282]: Scan files at:	file:///tmp/systemd-private-dcd613d6435c49e9bc7e656c7848baf7-systemd-hostnamed.service-N79ZQ0
[11:54:24.056][info] [#0:script/workspace/loading.lua:161]: Load files from disk:	file:///tmp/systemd-private-dcd613d6435c49e9bc7e656c7848baf7-systemd-hostnamed.service-N79ZQ0
[11:54:24.056][info] [#0:script/workspace/loading.lua:173]: Loaded files takes [0.000] sec: file:///tmp/systemd-private-dcd613d6435c49e9bc7e656c7848baf7-systemd-hostnamed.service-N79ZQ0
[11:54:24.056][info] [#0:script/workspace/loading.lua:182]: Compile files takes [0.000] sec: file:///tmp/systemd-private-dcd613d6435c49e9bc7e656c7848baf7-systemd-hostnamed.service-N79ZQ0
[11:54:24.056][info] [#0:script/workspace/loading.lua:183]: Loaded finish:	file:///tmp/systemd-private-dcd613d6435c49e9bc7e656c7848baf7-systemd-hostnamed.service-N79ZQ0
[11:58:17.131][info] [#0:script/workspace/workspace.lua:282]: Scan files at:	file:///tmp/systemd-private-dcd613d6435c49e9bc7e656c7848baf7-systemd-hostnamed.service-tre03H
[11:58:17.132][info] [#0:script/workspace/loading.lua:161]: Load files from disk:	file:///tmp/systemd-private-dcd613d6435c49e9bc7e656c7848baf7-systemd-hostnamed.service-tre03H
[11:58:17.132][info] [#0:script/workspace/loading.lua:173]: Loaded files takes [0.000] sec: file:///tmp/systemd-private-dcd613d6435c49e9bc7e656c7848baf7-systemd-hostnamed.service-tre03H
[11:58:17.132][info] [#0:script/workspace/loading.lua:182]: Compile files takes [0.000] sec: file:///tmp/systemd-private-dcd613d6435c49e9bc7e656c7848baf7-systemd-hostnamed.service-tre03H
[11:58:17.132][info] [#0:script/workspace/loading.lua:183]: Loaded finish:	file:///tmp/systemd-private-dcd613d6435c49e9bc7e656c7848baf7-systemd-hostnamed.service-tre03H
[11:58:19.130][info] [#0:script/workspace/workspace.lua:282]: Scan files at:	file:///tmp/tracker-extract-3-files.1000/074f83091174153e38b8ef7d15eaa132
[11:58:19.130][info] [#0:script/workspace/loading.lua:161]: Load files from disk:	file:///tmp/tracker-extract-3-files.1000/074f83091174153e38b8ef7d15eaa132
[11:58:19.130][info] [#0:script/workspace/loading.lua:173]: Loaded files takes [0.000] sec: file:///tmp/tracker-extract-3-files.1000/074f83091174153e38b8ef7d15eaa132
[11:58:19.130][info] [#0:script/workspace/loading.lua:182]: Compile files takes [0.000] sec: file:///tmp/tracker-extract-3-files.1000/074f83091174153e38b8ef7d15eaa132
[11:58:19.130][info] [#0:script/workspace/loading.lua:183]: Loaded finish:	file:///tmp/tracker-extract-3-files.1000/074f83091174153e38b8ef7d15eaa132
[11:58:25.128][info] [#0:script/service/service.lua:144]: 
========= Medical Examination Report =========
    --------------- Memory ---------------
        Total: 7.411 MB
        # 00 : 6.985 MB
        # 01 : 0.130 MB
        # 02 : 0.207 MB
        # 03 : 0.045 MB
        # 04 : 0.045 MB
    --------------- Coroutine ---------------
        Total:     16
        Running:   0
        Suspended: 0
        Normal:    0
        Dead:      16
    --------------- Cache ---------------
        Total: 1
        Dead:  0
    ---------------  RPC  ---------------
        Holdon:   0
        Waiting:  0
==============================================
