[13:21:02.302][info] [#0:/home/mamad/.config/emacs/.cache/lsp/lua-language-server/main.lua:66]: Lua Lsp startup, root: 	/home/mamad/.config/emacs/.cache/lsp/lua-language-server
[13:21:02.303][info] [#0:/home/mamad/.config/emacs/.cache/lsp/lua-language-server/main.lua:67]: ROOT:	/home/mamad/.config/emacs/.cache/lsp/lua-language-server
[13:21:02.303][info] [#0:/home/mamad/.config/emacs/.cache/lsp/lua-language-server/main.lua:68]: LOGPATH:	/home/mamad/.config/emacs/.cache/lsp/lua-language-server/log
[13:21:02.303][info] [#0:/home/mamad/.config/emacs/.cache/lsp/lua-language-server/main.lua:69]: METAPATH:	/home/mamad/.config/emacs/.cache/lsp/lua-language-server/meta
[13:21:02.303][info] [#0:/home/mamad/.config/emacs/.cache/lsp/lua-language-server/main.lua:70]: VERSION:	3.6.18
[13:21:02.362][info] [#0:script/service/service.lua:144]: 
========= Medical Examination Report =========
    --------------- Memory ---------------
        Total: 2.111 MB
        # 00 : 2.111 MB
        # 01 : 0.000 MB
        # 02 : 0.000 MB
        # 03 : 0.000 MB
        # 04 : 0.000 MB
    --------------- Coroutine ---------------
        Total:     0
        Running:   0
        Suspended: 0
        Normal:    0
        Dead:      0
    --------------- Cache ---------------
        Total: 1
        Dead:  0
    ---------------  RPC  ---------------
        Holdon:   0
        Waiting:  0
==============================================
[13:21:02.372][info] [#0:script/client.lua:657]: Client init	{
  capabilities = {
    general = {
      positionEncodings = { "utf-32", "utf-16" }
    },
    textDocument = {
      callHierarchy = {
        dynamicRegistration = false
      },
      codeAction = {
        codeActionLiteralSupport = {
          codeActionKind = {
            valueSet = { "", "quickfix", "refactor", "refactor.extract", "refactor.inline", "refactor.rewrite", "source", "source.organizeImports" }
          }
        },
        dataSupport = true,
        dynamicRegistration = true,
        isPreferredSupport = true,
        resolveSupport = {
          properties = { "edit", "command" }
        }
      },
      completion = {
        completionItem = {
          deprecatedSupport = true,
          documentationFormat = { "markdown", "plaintext" },
          insertReplaceSupport = true,
          insertTextModeSupport = {
            valueSet = { 1, 2 }
          },
          resolveAdditionalTextEditsSupport = true,
          resolveSupport = {
            properties = { "documentation", "detail", "additionalTextEdits", "command" }
          },
          snippetSupport = true
        },
        contextSupport = true,
        dynamicRegistration = true
      },
      declaration = {
        dynamicRegistration = true,
        linkSupport = true
      },
      definition = {
        dynamicRegistration = true,
        linkSupport = true
      },
      documentLink = {
        dynamicRegistration = true,
        tooltipSupport = true
      },
      documentSymbol = {
        hierarchicalDocumentSymbolSupport = true,
        symbolKind = {
          valueSet = { 1, 2, 3, 4, 5, 6, 7, 8, 9, 10, 11, 12, 13, 14, 15, 16, 17, 18, 19, 20, 21, 22, 23, 24, 25, 26 }
        }
      },
      foldingRange = {
        dynamicRegistration = true
      },
      formatting = {
        dynamicRegistration = true
      },
      hover = {
        contentFormat = { "markdown", "plaintext" },
        dynamicRegistration = true
      },
      implementation = {
        dynamicRegistration = true,
        linkSupport = true
      },
      linkedEditingRange = {
        dynamicRegistration = true
      },
      onTypeFormatting = {
        dynamicRegistration = true
      },
      publishDiagnostics = {
        relatedInformation = true,
        tagSupport = {
          valueSet = { 1, 2 }
        },
        versionSupport = true
      },
      rangeFormatting = {
        dynamicRegistration = true
      },
      references = {
        dynamicRegistration = true
      },
      rename = {
        dynamicRegistration = true,
        prepareSupport = true
      },
      selectionRange = {
        dynamicRegistration = true
      },
      signatureHelp = {
        dynamicRegistration = true,
        signatureInformation = {
          parameterInformation = {
            labelOffsetSupport = true
          }
        }
      },
      synchronization = {
        didSave = true,
        willSave = true,
        willSaveWaitUntil = true
      },
      typeDefinition = {
        dynamicRegistration = true,
        linkSupport = true
      },
      typeHierarchy = {
        dynamicRegistration = true
      }
    },
    window = {
      showDocument = {
        support = true
      },
      workDoneProgress = true
    },
    workspace = {
      applyEdit = true,
      codeLens = {
        refreshSupport = true
      },
      configuration = true,
      didChangeWatchedFiles = {
        dynamicRegistration = true
      },
      executeCommand = {
        dynamicRegistration = false
      },
      fileOperations = {
        didCreate = false,
        didDelete = false,
        didRename = true,
        willCreate = false,
        willDelete = false,
        willRename = true
      },
      symbol = {
        symbolKind = {
          valueSet = { 1, 2, 3, 4, 5, 6, 7, 8, 9, 10, 11, 12, 13, 14, 15, 16, 17, 18, 19, 20, 21, 22, 23, 24, 25, 26 }
        }
      },
      workspaceEdit = {
        documentChanges = true,
        resourceOperations = { "create", "rename", "delete" }
      },
      workspaceFolders = true
    }
  },
  clientInfo = {
    name = "emacs",
    version = "GNU Emacs 28.2 (build 1, x86_64-pc-linux-gnu, GTK+ Version 3.24.37, cairo version 1.16.0)\n of 2023-05-14, modified by Debian"
  },
  processId = 2266,
  rootPath = "/home/mamad/Desktop/learning_lua",
  rootUri = "file:///home/mamad/Desktop/learning_lua",
  workDoneToken = "1"
}
[13:21:02.373][info] [#0:script/language.lua:137]: VSC language: nil
[13:21:02.373][info] [#0:script/language.lua:138]: LS  language: en-us
[13:21:02.373][info] [#0:script/workspace/workspace.lua:38]: Workspace init root: 	file:///home/mamad/Desktop/learning_lua
[13:21:02.373][info] [#0:script/workspace/workspace.lua:42]: Log path: 	/home/mamad/.config/emacs/.cache/lsp/lua-language-server/log/file_home_mamad_Desktop_learning_lua.log
[13:21:02.373][info] [#0:script/workspace/workspace.lua:48]: Workspace create: 	file:///home/mamad/Desktop/learning_lua
[13:21:02.779][info] [#0:script/provider/provider.lua:46]: Load config from client	file:///home/mamad/Desktop/learning_lua
[13:21:02.779][info] [#0:script/provider/provider.lua:47]: {
  Lua = {
    color = {
      mode = "Semantic"
    },
    completion = {
      callSnippet = "Disable",
      displayContext = 6,
      enable = true,
      keywordSnippet = "Replace",
      workspaceWord = true
    },
    develop = {
      debuggerPort = 11412,
      debuggerWait = false,
      enable = false
    },
    diagnostics = {
      enable = true,
      workspaceDelay = 0,
      workspaceRate = 100
    },
    hint = {
      enable = false,
      paramName = true,
      paramType = true
    },
    hover = {
      enable = true,
      fieldInfer = 3000,
      previewFields = 100,
      viewNumber = true,
      viewString = true,
      viewStringMax = 1000
    },
    intelliSense = {
      searchDepth = 0
    },
    runtime = {
      fileEncoding = "utf8",
      path = { "?.lua", "?/init.lua", "?/?.lua" },
      version = "Lua 5.4"
    },
    signatureHelp = {
      enable = true
    },
    telemetry = {
      enable = false
    },
    window = {
      progressBar = true,
      statusBar = true
    },
    workspace = {
      ignoreDir = { ".vscode" },
      ignoreSubmodules = true,
      maxPreload = 1000,
      preloadFileSize = 100,
      useGitIgnore = true
    }
  },
  ["files.associations"] = false,
  ["files.exclude"] = false
}
[13:21:02.779][info] [#0:script/provider/provider.lua:53]: Load config from .luarc.json/.luarc.jsonc	file:///home/mamad/Desktop/learning_lua
[13:21:02.780][info] [#0:script/provider/provider.lua:54]: {
  ["runtime.special"] = {
    ["love.filesystem.load"] = "loadfile"
  },
  ["runtime.version"] = "LuaJIT",
  ["workspace.library"] = { "${3rd}/love2d/library" }
}
[13:21:02.780][info] [#0:script/provider/completion.lua:43]: Enable completion.
[13:21:02.880][info] [#0:script/provider/provider.lua:61]: Load config from client	fallback
[13:21:02.880][info] [#0:script/provider/provider.lua:62]: {
  Lua = {
    color = {
      mode = "Semantic"
    },
    completion = {
      callSnippet = "Disable",
      displayContext = 6,
      enable = true,
      keywordSnippet = "Replace",
      workspaceWord = true
    },
    develop = {
      debuggerPort = 11412,
      debuggerWait = false,
      enable = false
    },
    diagnostics = {
      enable = true,
      workspaceDelay = 0,
      workspaceRate = 100
    },
    hint = {
      enable = false,
      paramName = true,
      paramType = true
    },
    hover = {
      enable = true,
      fieldInfer = 3000,
      previewFields = 100,
      viewNumber = true,
      viewString = true,
      viewStringMax = 1000
    },
    intelliSense = {
      searchDepth = 0
    },
    runtime = {
      fileEncoding = "utf8",
      path = { "?.lua", "?/init.lua", "?/?.lua" },
      version = "Lua 5.4"
    },
    signatureHelp = {
      enable = true
    },
    telemetry = {
      enable = false
    },
    window = {
      progressBar = true,
      statusBar = true
    },
    workspace = {
      ignoreDir = { ".vscode" },
      ignoreSubmodules = true,
      maxPreload = 1000,
      preloadFileSize = 100,
      useGitIgnore = true
    }
  },
  ["files.associations"] = false,
  ["files.exclude"] = false
}
[13:21:02.881][info] [#0:script/library.lua:212]: Init builtin library at:	file:///home/mamad/Desktop/learning_lua
[13:21:02.900][info] [#0:script/plugin.lua:86]: plugin path:	/home/mamad/Desktop/learning_lua
[13:21:02.900][warn] [#0:script/plugin.lua:101]: plugin not found:	/home/mamad/Desktop/learning_lua
[13:21:02.900][info] [#0:script/library.lua:212]: Init builtin library at:	nil
[13:21:03.021][info] [#0:script/workspace/workspace.lua:322]: Preload start:	file:///home/mamad/Desktop/learning_lua
[13:21:03.026][info] [#0:script/workspace/workspace.lua:328]: Scan files at:	file:///home/mamad/Desktop/learning_lua
[13:21:03.026][info] [#0:script/workspace/workspace.lua:322]: Preload start:	<fallback>
[13:21:03.029][info] [#0:script/workspace/workspace.lua:351]: Scan library at:	file:///home/mamad/.config/emacs/.cache/lsp/lua-language-server/meta/Lua%205.4%20en-us%20utf8/basic.lua
[13:21:03.029][info] [#0:script/workspace/workspace.lua:351]: Scan library at:	file:///home/mamad/.config/emacs/.cache/lsp/lua-language-server/meta/Lua%205.4%20en-us%20utf8/math.lua
[13:21:03.029][info] [#0:script/workspace/workspace.lua:351]: Scan library at:	file:///home/mamad/.config/emacs/.cache/lsp/lua-language-server/meta/Lua%205.4%20en-us%20utf8/io.lua
[13:21:03.029][info] [#0:script/workspace/workspace.lua:351]: Scan library at:	file:///home/mamad/.config/emacs/.cache/lsp/lua-language-server/meta/LuaJIT%20en-us%20utf8/builtin.lua
[13:21:03.030][info] [#0:script/workspace/workspace.lua:351]: Scan library at:	file:///home/mamad/.config/emacs/.cache/lsp/lua-language-server/meta/Lua%205.4%20en-us%20utf8/os.lua
[13:21:03.030][info] [#0:script/workspace/workspace.lua:351]: Scan library at:	file:///home/mamad/.config/emacs/.cache/lsp/lua-language-server/meta/3rd/love2d/library
[13:21:03.031][info] [#0:script/workspace/workspace.lua:351]: Scan library at:	file:///home/mamad/.config/emacs/.cache/lsp/lua-language-server/meta/Lua%205.4%20en-us%20utf8/table.lua
[13:21:03.031][info] [#0:script/workspace/workspace.lua:351]: Scan library at:	file:///home/mamad/.config/emacs/.cache/lsp/lua-language-server/meta/Lua%205.4%20en-us%20utf8/coroutine.lua
[13:21:03.032][info] [#0:script/workspace/workspace.lua:351]: Scan library at:	file:///home/mamad/.config/emacs/.cache/lsp/lua-language-server/meta/Lua%205.4%20en-us%20utf8/utf8.lua
[13:21:03.032][info] [#0:script/workspace/workspace.lua:351]: Scan library at:	file:///home/mamad/.config/emacs/.cache/lsp/lua-language-server/meta/Lua%205.4%20en-us%20utf8/builtin.lua
[13:21:03.032][info] [#0:script/workspace/workspace.lua:351]: Scan library at:	file:///home/mamad/.config/emacs/.cache/lsp/lua-language-server/meta/Lua%205.4%20en-us%20utf8/debug.lua
[13:21:03.032][info] [#0:script/workspace/workspace.lua:351]: Scan library at:	file:///home/mamad/.config/emacs/.cache/lsp/lua-language-server/meta/Lua%205.4%20en-us%20utf8/string.lua
[13:21:03.032][info] [#0:script/workspace/workspace.lua:351]: Scan library at:	file:///home/mamad/.config/emacs/.cache/lsp/lua-language-server/meta/Lua%205.4%20en-us%20utf8/package.lua
[13:21:03.033][info] [#0:script/workspace/workspace.lua:351]: Scan library at:	file:///home/mamad/.config/emacs/.cache/lsp/lua-language-server/meta/LuaJIT%20en-us%20utf8/table/new.lua
[13:21:03.033][info] [#0:script/workspace/workspace.lua:351]: Scan library at:	file:///home/mamad/.config/emacs/.cache/lsp/lua-language-server/meta/LuaJIT%20en-us%20utf8/string/buffer.lua
[13:21:03.033][info] [#0:script/workspace/workspace.lua:351]: Scan library at:	file:///home/mamad/.config/emacs/.cache/lsp/lua-language-server/meta/LuaJIT%20en-us%20utf8/ffi.lua
[13:21:03.033][info] [#0:script/workspace/workspace.lua:351]: Scan library at:	file:///home/mamad/.config/emacs/.cache/lsp/lua-language-server/meta/LuaJIT%20en-us%20utf8/string.lua
[13:21:03.033][info] [#0:script/workspace/workspace.lua:351]: Scan library at:	file:///home/mamad/.config/emacs/.cache/lsp/lua-language-server/meta/LuaJIT%20en-us%20utf8/table/clear.lua
[13:21:03.034][info] [#0:script/workspace/workspace.lua:351]: Scan library at:	file:///home/mamad/.config/emacs/.cache/lsp/lua-language-server/meta/LuaJIT%20en-us%20utf8/jit.lua
[13:21:03.034][info] [#0:script/workspace/workspace.lua:351]: Scan library at:	file:///home/mamad/.config/emacs/.cache/lsp/lua-language-server/meta/LuaJIT%20en-us%20utf8/coroutine.lua
[13:21:03.034][info] [#0:script/workspace/workspace.lua:351]: Scan library at:	file:///home/mamad/.config/emacs/.cache/lsp/lua-language-server/meta/LuaJIT%20en-us%20utf8/table.lua
[13:21:03.034][info] [#0:script/workspace/workspace.lua:351]: Scan library at:	file:///home/mamad/.config/emacs/.cache/lsp/lua-language-server/meta/LuaJIT%20en-us%20utf8/debug.lua
[13:21:03.034][info] [#0:script/workspace/workspace.lua:351]: Scan library at:	file:///home/mamad/.config/emacs/.cache/lsp/lua-language-server/meta/LuaJIT%20en-us%20utf8/bit.lua
[13:21:03.034][info] [#0:script/workspace/workspace.lua:351]: Scan library at:	file:///home/mamad/.config/emacs/.cache/lsp/lua-language-server/meta/LuaJIT%20en-us%20utf8/basic.lua
[13:21:03.034][info] [#0:script/workspace/workspace.lua:351]: Scan library at:	file:///home/mamad/.config/emacs/.cache/lsp/lua-language-server/meta/LuaJIT%20en-us%20utf8/math.lua
[13:21:03.034][info] [#0:script/workspace/workspace.lua:351]: Scan library at:	file:///home/mamad/.config/emacs/.cache/lsp/lua-language-server/meta/LuaJIT%20en-us%20utf8/package.lua
[13:21:03.035][info] [#0:script/workspace/workspace.lua:351]: Scan library at:	file:///home/mamad/.config/emacs/.cache/lsp/lua-language-server/meta/LuaJIT%20en-us%20utf8/io.lua
[13:21:03.035][info] [#0:script/workspace/workspace.lua:351]: Scan library at:	file:///home/mamad/.config/emacs/.cache/lsp/lua-language-server/meta/LuaJIT%20en-us%20utf8/os.lua
[13:21:03.136][info] [#0:script/workspace/workspace.lua:377]: Found 11 files at:	<fallback>
[13:21:03.136][info] [#0:script/workspace/loading.lua:161]: Load files from disk:	<fallback>
[13:21:03.136][info] [#0:script/workspace/workspace.lua:377]: Found 38 files at:	file:///home/mamad/Desktop/learning_lua
[13:21:03.136][info] [#0:script/workspace/loading.lua:161]: Load files from disk:	file:///home/mamad/Desktop/learning_lua
[13:21:03.138][info] [#0:script/workspace/loading.lua:101]: Preload file at: file:///home/mamad/.config/emacs/.cache/lsp/lua-language-server/meta/Lua%205.4%20en-us%20utf8/package.lua , size = 2.944 KB
[13:21:03.142][info] [#0:script/workspace/loading.lua:113]: ++++As library of:	file:///home/mamad/.config/emacs/.cache/lsp/lua-language-server/meta/Lua%205.4%20en-us%20utf8/package.lua
[13:21:03.142][info] [#0:script/workspace/loading.lua:101]: Preload file at: file:///home/mamad/.config/emacs/.cache/lsp/lua-language-server/meta/LuaJIT%20en-us%20utf8/os.lua , size = 4.347 KB
[13:21:03.148][info] [#0:script/workspace/loading.lua:113]: ++++As library of:	file:///home/mamad/.config/emacs/.cache/lsp/lua-language-server/meta/LuaJIT%20en-us%20utf8/os.lua
[13:21:03.149][info] [#0:script/workspace/loading.lua:101]: Preload file at: file:///home/mamad/.config/emacs/.cache/lsp/lua-language-server/meta/LuaJIT%20en-us%20utf8/io.lua , size = 6.364 KB
[13:21:03.155][info] [#0:script/workspace/loading.lua:113]: ++++As library of:	file:///home/mamad/.config/emacs/.cache/lsp/lua-language-server/meta/LuaJIT%20en-us%20utf8/io.lua
[13:21:03.155][info] [#0:script/workspace/loading.lua:101]: Preload file at: file:///home/mamad/.config/emacs/.cache/lsp/lua-language-server/meta/Lua%205.4%20en-us%20utf8/debug.lua , size = 7.637 KB
[13:21:03.168][info] [#0:script/workspace/loading.lua:113]: ++++As library of:	file:///home/mamad/.config/emacs/.cache/lsp/lua-language-server/meta/Lua%205.4%20en-us%20utf8/debug.lua
[13:21:03.168][info] [#0:script/workspace/loading.lua:101]: Preload file at: file:///home/mamad/.config/emacs/.cache/lsp/lua-language-server/meta/LuaJIT%20en-us%20utf8/package.lua , size = 2.699 KB
[13:21:03.170][info] [#0:script/workspace/loading.lua:113]: ++++As library of:	file:///home/mamad/.config/emacs/.cache/lsp/lua-language-server/meta/LuaJIT%20en-us%20utf8/package.lua
[13:21:03.170][info] [#0:script/workspace/loading.lua:101]: Preload file at: file:///home/mamad/.config/emacs/.cache/lsp/lua-language-server/meta/Lua%205.4%20en-us%20utf8/builtin.lua , size = 0.302 KB
[13:21:03.172][info] [#0:script/workspace/loading.lua:113]: ++++As library of:	file:///home/mamad/.config/emacs/.cache/lsp/lua-language-server/meta/Lua%205.4%20en-us%20utf8/builtin.lua
[13:21:03.172][info] [#0:script/workspace/loading.lua:101]: Preload file at: file:///home/mamad/.config/emacs/.cache/lsp/lua-language-server/meta/LuaJIT%20en-us%20utf8/math.lua , size = 8.133 KB
[13:21:03.180][info] [#0:script/workspace/loading.lua:113]: ++++As library of:	file:///home/mamad/.config/emacs/.cache/lsp/lua-language-server/meta/LuaJIT%20en-us%20utf8/math.lua
[13:21:03.180][info] [#0:script/workspace/loading.lua:101]: Preload file at: file:///home/mamad/.config/emacs/.cache/lsp/lua-language-server/meta/Lua%205.4%20en-us%20utf8/utf8.lua , size = 2.386 KB
[13:21:03.183][info] [#0:script/workspace/loading.lua:113]: ++++As library of:	file:///home/mamad/.config/emacs/.cache/lsp/lua-language-server/meta/Lua%205.4%20en-us%20utf8/utf8.lua
[13:21:03.183][info] [#0:script/workspace/loading.lua:101]: Preload file at: file:///home/mamad/.config/emacs/.cache/lsp/lua-language-server/meta/LuaJIT%20en-us%20utf8/basic.lua , size = 14.135 KB
[13:21:03.197][info] [#0:script/workspace/loading.lua:113]: ++++As library of:	file:///home/mamad/.config/emacs/.cache/lsp/lua-language-server/meta/LuaJIT%20en-us%20utf8/basic.lua
[13:21:03.197][info] [#0:script/workspace/loading.lua:101]: Preload file at: file:///home/mamad/.config/emacs/.cache/lsp/lua-language-server/meta/Lua%205.4%20en-us%20utf8/coroutine.lua , size = 2.590 KB
[13:21:03.199][info] [#0:script/workspace/loading.lua:113]: ++++As library of:	file:///home/mamad/.config/emacs/.cache/lsp/lua-language-server/meta/Lua%205.4%20en-us%20utf8/coroutine.lua
[13:21:03.199][info] [#0:script/workspace/loading.lua:101]: Preload file at: file:///home/mamad/.config/emacs/.cache/lsp/lua-language-server/meta/LuaJIT%20en-us%20utf8/bit.lua , size = 1.320 KB
[13:21:03.202][info] [#0:script/workspace/loading.lua:113]: ++++As library of:	file:///home/mamad/.config/emacs/.cache/lsp/lua-language-server/meta/LuaJIT%20en-us%20utf8/bit.lua
[13:21:03.202][info] [#0:script/workspace/loading.lua:101]: Preload file at: file:///home/mamad/.config/emacs/.cache/lsp/lua-language-server/meta/Lua%205.4%20en-us%20utf8/table.lua , size = 4.230 KB
[13:21:03.207][info] [#0:script/workspace/loading.lua:113]: ++++As library of:	file:///home/mamad/.config/emacs/.cache/lsp/lua-language-server/meta/Lua%205.4%20en-us%20utf8/table.lua
[13:21:03.207][info] [#0:script/workspace/loading.lua:101]: Preload file at: file:///home/mamad/.config/emacs/.cache/lsp/lua-language-server/meta/LuaJIT%20en-us%20utf8/debug.lua , size = 7.310 KB
[13:21:03.216][info] [#0:script/workspace/loading.lua:113]: ++++As library of:	file:///home/mamad/.config/emacs/.cache/lsp/lua-language-server/meta/LuaJIT%20en-us%20utf8/debug.lua
[13:21:03.216][info] [#0:script/workspace/loading.lua:101]: Preload file at: file:///home/mamad/.config/emacs/.cache/lsp/lua-language-server/meta/Lua%205.4%20en-us%20utf8/os.lua , size = 4.347 KB
[13:21:03.221][info] [#0:script/workspace/loading.lua:113]: ++++As library of:	file:///home/mamad/.config/emacs/.cache/lsp/lua-language-server/meta/Lua%205.4%20en-us%20utf8/os.lua
[13:21:03.221][info] [#0:script/workspace/loading.lua:101]: Preload file at: file:///home/mamad/.config/emacs/.cache/lsp/lua-language-server/meta/LuaJIT%20en-us%20utf8/table.lua , size = 4.230 KB
[13:21:03.226][info] [#0:script/workspace/loading.lua:113]: ++++As library of:	file:///home/mamad/.config/emacs/.cache/lsp/lua-language-server/meta/LuaJIT%20en-us%20utf8/table.lua
[13:21:03.226][info] [#0:script/workspace/loading.lua:101]: Preload file at: file:///home/mamad/.config/emacs/.cache/lsp/lua-language-server/meta/Lua%205.4%20en-us%20utf8/io.lua , size = 6.364 KB
[13:21:03.238][info] [#0:script/workspace/loading.lua:113]: ++++As library of:	file:///home/mamad/.config/emacs/.cache/lsp/lua-language-server/meta/Lua%205.4%20en-us%20utf8/io.lua
[13:21:03.238][info] [#0:script/workspace/loading.lua:101]: Preload file at: file:///home/mamad/.config/emacs/.cache/lsp/lua-language-server/meta/LuaJIT%20en-us%20utf8/coroutine.lua , size = 2.524 KB
[13:21:03.241][info] [#0:script/workspace/loading.lua:113]: ++++As library of:	file:///home/mamad/.config/emacs/.cache/lsp/lua-language-server/meta/LuaJIT%20en-us%20utf8/coroutine.lua
[13:21:03.241][info] [#0:script/workspace/loading.lua:101]: Preload file at: file:///home/mamad/.config/emacs/.cache/lsp/lua-language-server/meta/Lua%205.4%20en-us%20utf8/math.lua , size = 8.731 KB
[13:21:03.250][info] [#0:script/workspace/loading.lua:113]: ++++As library of:	file:///home/mamad/.config/emacs/.cache/lsp/lua-language-server/meta/Lua%205.4%20en-us%20utf8/math.lua
[13:21:03.250][info] [#0:script/workspace/loading.lua:101]: Preload file at: file:///home/mamad/.config/emacs/.cache/lsp/lua-language-server/meta/LuaJIT%20en-us%20utf8/jit.lua , size = 0.683 KB
[13:21:03.252][info] [#0:script/workspace/loading.lua:113]: ++++As library of:	file:///home/mamad/.config/emacs/.cache/lsp/lua-language-server/meta/LuaJIT%20en-us%20utf8/jit.lua
[13:21:03.252][info] [#0:script/workspace/loading.lua:101]: Preload file at: file:///home/mamad/.config/emacs/.cache/lsp/lua-language-server/meta/Lua%205.4%20en-us%20utf8/basic.lua , size = 14.160 KB
[13:21:03.262][info] [#0:script/workspace/loading.lua:113]: ++++As library of:	file:///home/mamad/.config/emacs/.cache/lsp/lua-language-server/meta/Lua%205.4%20en-us%20utf8/basic.lua
[13:21:03.262][info] [#0:script/workspace/loading.lua:101]: Preload file at: file:///home/mamad/.config/emacs/.cache/lsp/lua-language-server/meta/LuaJIT%20en-us%20utf8/table/clear.lua , size = 0.797 KB
[13:21:03.263][info] [#0:script/workspace/loading.lua:113]: ++++As library of:	file:///home/mamad/.config/emacs/.cache/lsp/lua-language-server/meta/LuaJIT%20en-us%20utf8/table/clear.lua
[13:21:03.263][info] [#0:script/workspace/loading.lua:101]: Preload file at: file:///home/mamad/.config/emacs/.cache/lsp/lua-language-server/meta/Lua%205.4%20en-us%20utf8/string.lua , size = 6.302 KB
[13:21:03.269][info] [#0:script/workspace/loading.lua:113]: ++++As library of:	file:///home/mamad/.config/emacs/.cache/lsp/lua-language-server/meta/Lua%205.4%20en-us%20utf8/string.lua
[13:21:03.269][info] [#0:script/workspace/loading.lua:173]: Loaded files takes [0.134] sec: <fallback>
[13:21:03.269][info] [#0:script/workspace/loading.lua:182]: Compile files takes [0.000] sec: <fallback>
[13:21:03.269][info] [#0:script/workspace/loading.lua:183]: Loaded finish:	<fallback>
[13:21:03.269][info] [#0:script/workspace/workspace.lua:379]: Preload finish at:	<fallback>
[13:21:03.284][info] [#0:script/workspace/loading.lua:101]: Preload file at: file:///home/mamad/.config/emacs/.cache/lsp/lua-language-server/meta/LuaJIT%20en-us%20utf8/string.lua , size = 6.284 KB
[13:21:03.299][info] [#0:script/workspace/loading.lua:113]: ++++As library of:	file:///home/mamad/.config/emacs/.cache/lsp/lua-language-server/meta/LuaJIT%20en-us%20utf8/string.lua
[13:21:03.303][info] [#0:script/workspace/loading.lua:101]: Preload file at: file:///home/mamad/.config/emacs/.cache/lsp/lua-language-server/meta/LuaJIT%20en-us%20utf8/ffi.lua , size = 2.529 KB
[13:21:03.308][info] [#0:script/workspace/loading.lua:113]: ++++As library of:	file:///home/mamad/.config/emacs/.cache/lsp/lua-language-server/meta/LuaJIT%20en-us%20utf8/ffi.lua
[13:21:03.312][info] [#0:script/workspace/loading.lua:101]: Preload file at: file:///home/mamad/.config/emacs/.cache/lsp/lua-language-server/meta/LuaJIT%20en-us%20utf8/string/buffer.lua , size = 18.123 KB
[13:21:03.319][info] [#0:script/workspace/loading.lua:113]: ++++As library of:	file:///home/mamad/.config/emacs/.cache/lsp/lua-language-server/meta/LuaJIT%20en-us%20utf8/string/buffer.lua
[13:21:03.323][info] [#0:script/workspace/loading.lua:101]: Preload file at: file:///home/mamad/.config/emacs/.cache/lsp/lua-language-server/meta/LuaJIT%20en-us%20utf8/table/new.lua , size = 0.642 KB
[13:21:03.324][info] [#0:script/workspace/loading.lua:113]: ++++As library of:	file:///home/mamad/.config/emacs/.cache/lsp/lua-language-server/meta/LuaJIT%20en-us%20utf8/table/new.lua
[13:21:03.328][info] [#0:script/workspace/loading.lua:101]: Preload file at: file:///home/mamad/.config/emacs/.cache/lsp/lua-language-server/meta/3rd/love2d/library/love.lua , size = 10.825 KB
[13:21:03.336][info] [#0:script/workspace/loading.lua:113]: ++++As library of:	file:///home/mamad/.config/emacs/.cache/lsp/lua-language-server/meta/3rd/love2d/library
[13:21:03.340][info] [#0:script/workspace/loading.lua:101]: Preload file at: file:///home/mamad/.config/emacs/.cache/lsp/lua-language-server/meta/3rd/love2d/library/love/timer.lua , size = 1.727 KB
[13:21:03.343][info] [#0:script/workspace/loading.lua:113]: ++++As library of:	file:///home/mamad/.config/emacs/.cache/lsp/lua-language-server/meta/3rd/love2d/library
[13:21:03.347][info] [#0:script/workspace/loading.lua:101]: Preload file at: file:///home/mamad/.config/emacs/.cache/lsp/lua-language-server/meta/3rd/love2d/library/love/thread.lua , size = 7.104 KB
[13:21:03.353][info] [#0:script/workspace/loading.lua:113]: ++++As library of:	file:///home/mamad/.config/emacs/.cache/lsp/lua-language-server/meta/3rd/love2d/library
[13:21:03.358][info] [#0:script/workspace/loading.lua:101]: Preload file at: file:///home/mamad/.config/emacs/.cache/lsp/lua-language-server/meta/3rd/love2d/library/love/sound.lua , size = 5.808 KB
[13:21:03.365][info] [#0:script/workspace/loading.lua:113]: ++++As library of:	file:///home/mamad/.config/emacs/.cache/lsp/lua-language-server/meta/3rd/love2d/library
[13:21:03.370][info] [#0:script/workspace/loading.lua:101]: Preload file at: file:///home/mamad/.config/emacs/.cache/lsp/lua-language-server/meta/3rd/love2d/library/love/graphics.lua , size = 158.500 KB
[13:21:03.521][info] [#0:script/workspace/loading.lua:113]: ++++As library of:	file:///home/mamad/.config/emacs/.cache/lsp/lua-language-server/meta/3rd/love2d/library
[13:21:03.525][info] [#0:script/workspace/loading.lua:101]: Preload file at: file:///home/mamad/.config/emacs/.cache/lsp/lua-language-server/meta/3rd/love2d/library/love/event.lua , size = 4.563 KB
[13:21:03.530][info] [#0:script/workspace/loading.lua:113]: ++++As library of:	file:///home/mamad/.config/emacs/.cache/lsp/lua-language-server/meta/3rd/love2d/library
[13:21:03.533][info] [#0:script/workspace/loading.lua:101]: Preload file at: file:///home/mamad/.config/emacs/.cache/lsp/lua-language-server/meta/3rd/love2d/library/love/data.lua , size = 9.649 KB
[13:21:03.540][info] [#0:script/workspace/loading.lua:113]: ++++As library of:	file:///home/mamad/.config/emacs/.cache/lsp/lua-language-server/meta/3rd/love2d/library
[13:21:03.544][info] [#0:script/workspace/loading.lua:101]: Preload file at: file:///home/mamad/.config/emacs/.cache/lsp/lua-language-server/meta/3rd/love2d/library/love/physics.lua , size = 109.832 KB
[13:21:03.657][info] [#0:script/workspace/loading.lua:113]: ++++As library of:	file:///home/mamad/.config/emacs/.cache/lsp/lua-language-server/meta/3rd/love2d/library
[13:21:03.662][info] [#0:script/workspace/loading.lua:101]: Preload file at: file:///home/mamad/.config/emacs/.cache/lsp/lua-language-server/meta/3rd/love2d/library/love/image.lua , size = 21.299 KB
[13:21:03.697][info] [#0:script/workspace/loading.lua:113]: ++++As library of:	file:///home/mamad/.config/emacs/.cache/lsp/lua-language-server/meta/3rd/love2d/library
[13:21:03.700][info] [#0:script/workspace/loading.lua:101]: Preload file at: file:///home/mamad/.config/emacs/.cache/lsp/lua-language-server/meta/3rd/love2d/library/love/keyboard.lua , size = 22.717 KB
[13:21:03.718][info] [#0:script/workspace/loading.lua:113]: ++++As library of:	file:///home/mamad/.config/emacs/.cache/lsp/lua-language-server/meta/3rd/love2d/library
[13:21:03.719][info] [#0:script/workspace/loading.lua:101]: Preload file at: file:///home/mamad/.config/emacs/.cache/lsp/lua-language-server/meta/3rd/love2d/library/love/math.lua , size = 31.028 KB
[13:21:03.753][info] [#0:script/workspace/loading.lua:113]: ++++As library of:	file:///home/mamad/.config/emacs/.cache/lsp/lua-language-server/meta/3rd/love2d/library
[13:21:03.753][info] [#0:script/workspace/loading.lua:101]: Preload file at: file:///home/mamad/.config/emacs/.cache/lsp/lua-language-server/meta/3rd/love2d/library/love/font.lua , size = 7.587 KB
[13:21:03.762][info] [#0:script/workspace/loading.lua:113]: ++++As library of:	file:///home/mamad/.config/emacs/.cache/lsp/lua-language-server/meta/3rd/love2d/library
[13:21:03.762][info] [#0:script/workspace/loading.lua:101]: Preload file at: file:///home/mamad/.config/emacs/.cache/lsp/lua-language-server/meta/3rd/love2d/library/love/video.lua , size = 2.342 KB
[13:21:03.765][info] [#0:script/workspace/loading.lua:113]: ++++As library of:	file:///home/mamad/.config/emacs/.cache/lsp/lua-language-server/meta/3rd/love2d/library
[13:21:03.765][info] [#0:script/workspace/loading.lua:101]: Preload file at: file:///home/mamad/.config/emacs/.cache/lsp/lua-language-server/meta/3rd/love2d/library/love/system.lua , size = 3.604 KB
[13:21:03.768][info] [#0:script/workspace/loading.lua:113]: ++++As library of:	file:///home/mamad/.config/emacs/.cache/lsp/lua-language-server/meta/3rd/love2d/library
[13:21:03.768][info] [#0:script/workspace/loading.lua:101]: Preload file at: file:///home/mamad/.config/emacs/.cache/lsp/lua-language-server/meta/3rd/love2d/library/love/touch.lua , size = 1.456 KB
[13:21:03.770][info] [#0:script/workspace/loading.lua:113]: ++++As library of:	file:///home/mamad/.config/emacs/.cache/lsp/lua-language-server/meta/3rd/love2d/library
[13:21:03.770][info] [#0:script/workspace/loading.lua:101]: Preload file at: file:///home/mamad/.config/emacs/.cache/lsp/lua-language-server/meta/3rd/love2d/library/love/joystick.lua , size = 14.190 KB
[13:21:03.782][info] [#0:script/workspace/loading.lua:113]: ++++As library of:	file:///home/mamad/.config/emacs/.cache/lsp/lua-language-server/meta/3rd/love2d/library
[13:21:03.782][info] [#0:script/workspace/loading.lua:101]: Preload file at: file:///home/mamad/.config/emacs/.cache/lsp/lua-language-server/meta/3rd/love2d/library/love/mouse.lua , size = 8.759 KB
[13:21:03.790][info] [#0:script/workspace/loading.lua:113]: ++++As library of:	file:///home/mamad/.config/emacs/.cache/lsp/lua-language-server/meta/3rd/love2d/library
[13:21:03.790][info] [#0:script/workspace/loading.lua:101]: Preload file at: file:///home/mamad/.config/emacs/.cache/lsp/lua-language-server/meta/3rd/love2d/library/love/filesystem.lua , size = 22.718 KB
[13:21:03.810][info] [#0:script/workspace/loading.lua:113]: ++++As library of:	file:///home/mamad/.config/emacs/.cache/lsp/lua-language-server/meta/3rd/love2d/library
[13:21:03.811][info] [#0:script/workspace/loading.lua:101]: Preload file at: file:///home/mamad/.config/emacs/.cache/lsp/lua-language-server/meta/3rd/love2d/library/love/window.lua , size = 17.922 KB
[13:21:03.830][info] [#0:script/workspace/loading.lua:113]: ++++As library of:	file:///home/mamad/.config/emacs/.cache/lsp/lua-language-server/meta/3rd/love2d/library
[13:21:03.830][info] [#0:script/workspace/loading.lua:101]: Preload file at: file:///home/mamad/.config/emacs/.cache/lsp/lua-language-server/meta/LuaJIT%20en-us%20utf8/builtin.lua , size = 0.302 KB
[13:21:03.832][info] [#0:script/workspace/loading.lua:113]: ++++As library of:	file:///home/mamad/.config/emacs/.cache/lsp/lua-language-server/meta/LuaJIT%20en-us%20utf8/builtin.lua
[13:21:03.832][info] [#0:script/workspace/loading.lua:101]: Preload file at: file:///home/mamad/.config/emacs/.cache/lsp/lua-language-server/meta/3rd/love2d/library/love/audio.lua , size = 33.680 KB
[13:21:03.865][info] [#0:script/workspace/loading.lua:113]: ++++As library of:	file:///home/mamad/.config/emacs/.cache/lsp/lua-language-server/meta/3rd/love2d/library
[13:21:03.865][info] [#0:script/workspace/loading.lua:89]: Skip loaded file: file:///home/mamad/Desktop/learning_lua/main.lua
[13:21:03.865][info] [#0:script/workspace/loading.lua:101]: Preload file at: file:///home/mamad/Desktop/learning_lua/conf.lua , size = 0.000 KB
[13:21:03.865][info] [#0:script/workspace/loading.lua:173]: Loaded files takes [0.704] sec: file:///home/mamad/Desktop/learning_lua
[13:21:03.867][info] [#0:script/workspace/loading.lua:182]: Compile files takes [0.000] sec: file:///home/mamad/Desktop/learning_lua
[13:21:03.867][info] [#0:script/workspace/loading.lua:183]: Loaded finish:	file:///home/mamad/Desktop/learning_lua
[13:21:03.867][info] [#0:script/workspace/workspace.lua:379]: Preload finish at:	file:///home/mamad/Desktop/learning_lua
[13:21:03.889][info] [#0:script/provider/diagnostic.lua:557]: Diagnostics scope [file:///home/mamad/Desktop/learning_lua], files count:[38]
[13:21:03.890][warn] [#0:script/proto/proto.lua:178]: Method [textDocument/didOpen] takes [0.776]sec. {
  jsonrpc = "2.0",
  method = "textDocument/didOpen",
  params = {
    textDocument = {
      languageId = "lua",
      text = '"***"',
      uri = "file:///home/mamad/Desktop/learning_lua/main.lua",
      version = 0
    }
  }
}
[13:21:03.890][warn] [#0:script/proto/proto.lua:178]: Method [textDocument/documentHighlight] takes [0.774]sec. {
  id = 6,
  jsonrpc = "2.0",
  method = "textDocument/documentHighlight",
  params = {
    position = {
      character = 0,
      line = 0
    },
    textDocument = {
      uri = "file:///home/mamad/Desktop/learning_lua/main.lua"
    }
  }
}
[13:21:03.891][warn] [#0:script/proto/proto.lua:178]: Method [textDocument/documentSymbol] takes [0.775]sec. {
  id = 4,
  jsonrpc = "2.0",
  method = "textDocument/documentSymbol",
  params = {
    textDocument = {
      uri = "file:///home/mamad/Desktop/learning_lua/main.lua"
    }
  }
}
[13:21:03.921][info] [#0:script/provider/diagnostic.lua:574]: Diagnostics scope [file:///home/mamad/Desktop/learning_lua] finished, takes [0.024] sec.
[13:31:02.438][info] [#0:script/service/service.lua:144]: 
========= Medical Examination Report =========
    --------------- Memory ---------------
        Total: 34.201 MB
        # 00 : 33.522 MB
        # 01 : 0.080 MB
        # 02 : 0.045 MB
        # 03 : 0.222 MB
        # 04 : 0.331 MB
    --------------- Coroutine ---------------
        Total:     229
        Running:   0
        Suspended: 0
        Normal:    0
        Dead:      229
    --------------- Cache ---------------
        Total: 1
        Dead:  0
    ---------------  RPC  ---------------
        Holdon:   0
        Waiting:  0
==============================================
[13:41:02.504][info] [#0:script/service/service.lua:144]: 
========= Medical Examination Report =========
    --------------- Memory ---------------
        Total: 34.878 MB
        # 00 : 34.199 MB
        # 01 : 0.080 MB
        # 02 : 0.045 MB
        # 03 : 0.222 MB
        # 04 : 0.331 MB
    --------------- Coroutine ---------------
        Total:     229
        Running:   0
        Suspended: 0
        Normal:    0
        Dead:      229
    --------------- Cache ---------------
        Total: 1
        Dead:  0
    ---------------  RPC  ---------------
        Holdon:   0
        Waiting:  0
==============================================
[13:51:02.571][info] [#0:script/service/service.lua:144]: 
========= Medical Examination Report =========
    --------------- Memory ---------------
        Total: 35.556 MB
        # 00 : 34.877 MB
        # 01 : 0.080 MB
        # 02 : 0.045 MB
        # 03 : 0.222 MB
        # 04 : 0.331 MB
    --------------- Coroutine ---------------
        Total:     229
        Running:   0
        Suspended: 0
        Normal:    0
        Dead:      229
    --------------- Cache ---------------
        Total: 1
        Dead:  0
    ---------------  RPC  ---------------
        Holdon:   0
        Waiting:  0
==============================================
[14:01:02.651][info] [#0:script/service/service.lua:144]: 
========= Medical Examination Report =========
    --------------- Memory ---------------
        Total: 36.234 MB
        # 00 : 35.556 MB
        # 01 : 0.080 MB
        # 02 : 0.045 MB
        # 03 : 0.222 MB
        # 04 : 0.331 MB
    --------------- Coroutine ---------------
        Total:     229
        Running:   0
        Suspended: 0
        Normal:    0
        Dead:      229
    --------------- Cache ---------------
        Total: 1
        Dead:  0
    ---------------  RPC  ---------------
        Holdon:   0
        Waiting:  0
==============================================
